2018-10-18 11:02:32 =ERROR REPORT====
{module,"leo_backend_db_eleveldb"},{function,"prefix_search/3"},{line,227},{body,badarg}
2018-10-18 11:03:02 =ERROR REPORT====
Error in process <0.32154.3029> on node 'storage_01@10.0.1.106' with exit value:
{badarg,[{gen_fsm,send_event,2,[{file,"gen_fsm.erl"},{line,215}]}]}
2018-10-18 11:03:02 =ERROR REPORT====
Error in process <0.32240.3029> on node 'storage_01@10.0.1.106' with exit value:
{badarg,[{gen_fsm,send_event,2,[{file,"gen_fsm.erl"},{line,215}]}]}
2018-10-18 11:03:03 =ERROR REPORT====
Error in process <0.32272.3029> on node 'storage_01@10.0.1.106' with exit value:
{badarg,[{gen_fsm,send_event,2,[{file,"gen_fsm.erl"},{line,215}]}]}
2018-10-18 11:03:03 =ERROR REPORT====
Error in process <0.32362.3029> on node 'storage_01@10.0.1.106' with exit value:
{badarg,[{gen_fsm,send_event,2,[{file,"gen_fsm.erl"},{line,215}]}]}
2018-10-18 11:03:04 =ERROR REPORT====
Error in process <0.32195.3029> on node 'storage_01@10.0.1.106' with exit value:
{badarg,[{gen_fsm,send_event,2,[{file,"gen_fsm.erl"},{line,215}]}]}
2018-10-18 11:03:04 =ERROR REPORT====
Error in process <0.32557.3029> on node 'storage_01@10.0.1.106' with exit value:
{badarg,[{gen_fsm,send_event,2,[{file,"gen_fsm.erl"},{line,215}]}]}
2018-10-18 11:03:04 =ERROR REPORT====
Error in process <0.32576.3029> on node 'storage_01@10.0.1.106' with exit value:
{badarg,[{gen_fsm,send_event,2,[{file,"gen_fsm.erl"},{line,215}]}]}
2018-10-18 11:03:04 =ERROR REPORT====
Error in process <0.32601.3029> on node 'storage_01@10.0.1.106' with exit value:
{badarg,[{gen_fsm,send_event,2,[{file,"gen_fsm.erl"},{line,215}]}]}
2018-10-18 11:03:04 =ERROR REPORT====
Error in process <0.32624.3029> on node 'storage_01@10.0.1.106' with exit value:
{badarg,[{gen_fsm,send_event,2,[{file,"gen_fsm.erl"},{line,215}]}]}
2018-10-18 11:03:04 =ERROR REPORT====
Error in process <0.32553.3029> on node 'storage_01@10.0.1.106' with exit value:
{badarg,[{gen_fsm,send_event,2,[{file,"gen_fsm.erl"},{line,215}]}]}
2018-10-18 11:03:04 =ERROR REPORT====
Error in process <0.32647.3029> on node 'storage_01@10.0.1.106' with exit value:
{badarg,[{gen_fsm,send_event,2,[{file,"gen_fsm.erl"},{line,215}]}]}
2018-10-18 11:03:04 =ERROR REPORT====
Error in process <0.32608.3029> on node 'storage_01@10.0.1.106' with exit value:
{badarg,[{gen_fsm,send_event,2,[{file,"gen_fsm.erl"},{line,215}]}]}
2018-10-18 11:03:05 =ERROR REPORT====
Error in process <0.32744.3029> on node 'storage_01@10.0.1.106' with exit value:
{badarg,[{gen_fsm,send_event,2,[{file,"gen_fsm.erl"},{line,215}]}]}
2018-10-18 11:03:06 =ERROR REPORT====
Error in process <0.32713.3029> on node 'storage_01@10.0.1.106' with exit value:
{badarg,[{gen_fsm,send_event,2,[{file,"gen_fsm.erl"},{line,215}]}]}
2018-10-18 11:03:06 =ERROR REPORT====
Error in process <0.32732.3029> on node 'storage_01@10.0.1.106' with exit value:
{badarg,[{gen_fsm,send_event,2,[{file,"gen_fsm.erl"},{line,215}]}]}
2018-10-18 11:03:06 =ERROR REPORT====
Error in process <0.32747.3029> on node 'storage_01@10.0.1.106' with exit value:
{badarg,[{gen_fsm,send_event,2,[{file,"gen_fsm.erl"},{line,215}]}]}
2018-10-18 11:03:06 =ERROR REPORT====
Error in process <0.32737.3029> on node 'storage_01@10.0.1.106' with exit value:
{badarg,[{gen_fsm,send_event,2,[{file,"gen_fsm.erl"},{line,215}]}]}
2018-10-18 11:03:06 =ERROR REPORT====
Error in process <0.38.3030> on node 'storage_01@10.0.1.106' with exit value:
{badarg,[{gen_fsm,send_event,2,[{file,"gen_fsm.erl"},{line,215}]}]}
2018-10-18 11:03:06 =ERROR REPORT====
Error in process <0.46.3030> on node 'storage_01@10.0.1.106' with exit value:
{badarg,[{gen_fsm,send_event,2,[{file,"gen_fsm.erl"},{line,215}]}]}
2018-10-18 11:03:06 =ERROR REPORT====
Error in process <0.36.3030> on node 'storage_01@10.0.1.106' with exit value:
{badarg,[{gen_fsm,send_event,2,[{file,"gen_fsm.erl"},{line,215}]}]}
2018-10-18 11:03:07 =ERROR REPORT====
Error in process <0.114.3030> on node 'storage_01@10.0.1.106' with exit value:
{badarg,[{gen_fsm,send_event,2,[{file,"gen_fsm.erl"},{line,215}]}]}
2018-10-18 11:03:07 =ERROR REPORT====
Error in process <0.83.3030> on node 'storage_01@10.0.1.106' with exit value:
{badarg,[{gen_fsm,send_event,2,[{file,"gen_fsm.erl"},{line,215}]}]}
2018-10-18 11:03:07 =ERROR REPORT====
Error in process <0.132.3030> on node 'storage_01@10.0.1.106' with exit value:
{badarg,[{gen_fsm,send_event,2,[{file,"gen_fsm.erl"},{line,215}]}]}
2018-10-18 11:03:07 =ERROR REPORT====
Error in process <0.118.3030> on node 'storage_01@10.0.1.106' with exit value:
{badarg,[{gen_fsm,send_event,2,[{file,"gen_fsm.erl"},{line,215}]}]}
2018-10-18 11:03:07 =ERROR REPORT====
Error in process <0.137.3030> on node 'storage_01@10.0.1.106' with exit value:
{badarg,[{gen_fsm,send_event,2,[{file,"gen_fsm.erl"},{line,215}]}]}
2018-10-18 11:03:08 =ERROR REPORT====
Error in process <0.161.3030> on node 'storage_01@10.0.1.106' with exit value:
{badarg,[{gen_fsm,send_event,2,[{file,"gen_fsm.erl"},{line,215}]}]}
2018-10-18 11:03:08 =ERROR REPORT====
Error in process <0.159.3030> on node 'storage_01@10.0.1.106' with exit value:
{badarg,[{gen_fsm,send_event,2,[{file,"gen_fsm.erl"},{line,215}]}]}
2018-10-18 11:03:08 =ERROR REPORT====
Error in process <0.166.3030> on node 'storage_01@10.0.1.106' with exit value:
{badarg,[{gen_fsm,send_event,2,[{file,"gen_fsm.erl"},{line,215}]}]}
2018-10-18 11:03:09 =ERROR REPORT====
Error in process <0.225.3030> on node 'storage_01@10.0.1.106' with exit value:
{badarg,[{gen_fsm,send_event,2,[{file,"gen_fsm.erl"},{line,215}]}]}
2018-10-18 11:03:09 =ERROR REPORT====
Error in process <0.244.3030> on node 'storage_01@10.0.1.106' with exit value:
{badarg,[{gen_fsm,send_event,2,[{file,"gen_fsm.erl"},{line,215}]}]}
2018-10-18 11:03:09 =ERROR REPORT====
Error in process <0.243.3030> on node 'storage_01@10.0.1.106' with exit value:
{badarg,[{gen_fsm,send_event,2,[{file,"gen_fsm.erl"},{line,215}]}]}
2018-10-18 11:03:09 =ERROR REPORT====
Error in process <0.264.3030> on node 'storage_01@10.0.1.106' with exit value:
{badarg,[{gen_fsm,send_event,2,[{file,"gen_fsm.erl"},{line,215}]}]}
2018-10-18 11:03:09 =ERROR REPORT====
Error in process <0.234.3030> on node 'storage_01@10.0.1.106' with exit value:
{badarg,[{gen_fsm,send_event,2,[{file,"gen_fsm.erl"},{line,215}]}]}
2018-10-18 11:03:09 =ERROR REPORT====
Error in process <0.267.3030> on node 'storage_01@10.0.1.106' with exit value:
{badarg,[{gen_fsm,send_event,2,[{file,"gen_fsm.erl"},{line,215}]}]}
2018-10-18 11:03:09 =ERROR REPORT====
Error in process <0.251.3030> on node 'storage_01@10.0.1.106' with exit value:
{badarg,[{gen_fsm,send_event,2,[{file,"gen_fsm.erl"},{line,215}]}]}
2018-10-18 11:03:09 =ERROR REPORT====
Error in process <0.271.3030> on node 'storage_01@10.0.1.106' with exit value:
{badarg,[{gen_fsm,send_event,2,[{file,"gen_fsm.erl"},{line,215}]}]}
2018-10-18 11:03:09 =ERROR REPORT====
Error in process <0.315.3030> on node 'storage_01@10.0.1.106' with exit value:
{badarg,[{gen_fsm,send_event,2,[{file,"gen_fsm.erl"},{line,215}]}]}
2018-10-18 11:03:09 =ERROR REPORT====
Error in process <0.304.3030> on node 'storage_01@10.0.1.106' with exit value:
{badarg,[{gen_fsm,send_event,2,[{file,"gen_fsm.erl"},{line,215}]}]}
2018-10-18 11:03:10 =ERROR REPORT====
Error in process <0.348.3030> on node 'storage_01@10.0.1.106' with exit value:
{badarg,[{gen_fsm,send_event,2,[{file,"gen_fsm.erl"},{line,215}]}]}
2018-10-18 11:03:10 =ERROR REPORT====
Error in process <0.195.3030> on node 'storage_01@10.0.1.106' with exit value:
{badarg,[{gen_fsm,send_event,2,[{file,"gen_fsm.erl"},{line,215}]}]}
2018-10-18 11:03:11 =ERROR REPORT====
Error in process <0.382.3030> on node 'storage_01@10.0.1.106' with exit value:
{badarg,[{gen_fsm,send_event,2,[{file,"gen_fsm.erl"},{line,215}]}]}
2018-10-18 11:03:11 =ERROR REPORT====
Error in process <0.415.3030> on node 'storage_01@10.0.1.106' with exit value:
{badarg,[{gen_fsm,send_event,2,[{file,"gen_fsm.erl"},{line,215}]}]}
2018-10-18 11:03:11 =ERROR REPORT====
Error in process <0.443.3030> on node 'storage_01@10.0.1.106' with exit value:
{badarg,[{gen_fsm,send_event,2,[{file,"gen_fsm.erl"},{line,215}]}]}
2018-10-18 11:03:11 =ERROR REPORT====
Error in process <0.457.3030> on node 'storage_01@10.0.1.106' with exit value:
{badarg,[{gen_fsm,send_event,2,[{file,"gen_fsm.erl"},{line,215}]}]}
2018-10-18 11:03:11 =ERROR REPORT====
Error in process <0.309.3030> on node 'storage_01@10.0.1.106' with exit value:
{badarg,[{gen_fsm,send_event,2,[{file,"gen_fsm.erl"},{line,215}]}]}
2018-10-18 11:03:11 =ERROR REPORT====
Error in process <0.497.3030> on node 'storage_01@10.0.1.106' with exit value:
{badarg,[{gen_fsm,send_event,2,[{file,"gen_fsm.erl"},{line,215}]}]}
2018-10-18 11:03:11 =ERROR REPORT====
Error in process <0.503.3030> on node 'storage_01@10.0.1.106' with exit value:
{badarg,[{gen_fsm,send_event,2,[{file,"gen_fsm.erl"},{line,215}]}]}
2018-10-18 11:03:12 =ERROR REPORT====
Error in process <0.365.3030> on node 'storage_01@10.0.1.106' with exit value:
{badarg,[{gen_fsm,send_event,2,[{file,"gen_fsm.erl"},{line,215}]}]}
2018-10-18 11:03:12 =ERROR REPORT====
Error in process <0.491.3030> on node 'storage_01@10.0.1.106' with exit value:
{badarg,[{gen_fsm,send_event,2,[{file,"gen_fsm.erl"},{line,215}]}]}
2018-10-18 11:03:12 =ERROR REPORT====
Error in process <0.534.3030> on node 'storage_01@10.0.1.106' with exit value:
{badarg,[{gen_fsm,send_event,2,[{file,"gen_fsm.erl"},{line,215}]}]}
2018-10-18 11:03:12 =ERROR REPORT====
Error in process <0.561.3030> on node 'storage_01@10.0.1.106' with exit value:
{badarg,[{gen_fsm,send_event,2,[{file,"gen_fsm.erl"},{line,215}]}]}
2018-10-18 11:03:12 =ERROR REPORT====
Error in process <0.556.3030> on node 'storage_01@10.0.1.106' with exit value:
{badarg,[{gen_fsm,send_event,2,[{file,"gen_fsm.erl"},{line,215}]}]}
2018-10-18 11:03:13 =ERROR REPORT====
Error in process <0.632.3030> on node 'storage_01@10.0.1.106' with exit value:
{badarg,[{gen_fsm,send_event,2,[{file,"gen_fsm.erl"},{line,215}]}]}
2018-10-18 11:03:13 =ERROR REPORT====
Error in process <0.644.3030> on node 'storage_01@10.0.1.106' with exit value:
{badarg,[{gen_fsm,send_event,2,[{file,"gen_fsm.erl"},{line,215}]}]}
2018-10-18 11:03:13 =ERROR REPORT====
Error in process <0.640.3030> on node 'storage_01@10.0.1.106' with exit value:
{badarg,[{gen_fsm,send_event,2,[{file,"gen_fsm.erl"},{line,215}]}]}
2018-10-18 11:03:14 =ERROR REPORT====
Error in process <0.672.3030> on node 'storage_01@10.0.1.106' with exit value:
{badarg,[{gen_fsm,send_event,2,[{file,"gen_fsm.erl"},{line,215}]}]}
2018-10-18 11:03:14 =ERROR REPORT====
Error in process <0.701.3030> on node 'storage_01@10.0.1.106' with exit value:
{badarg,[{gen_fsm,send_event,2,[{file,"gen_fsm.erl"},{line,215}]}]}
2018-10-18 11:03:14 =ERROR REPORT====
Error in process <0.723.3030> on node 'storage_01@10.0.1.106' with exit value:
{badarg,[{gen_fsm,send_event,2,[{file,"gen_fsm.erl"},{line,215}]}]}
2018-10-18 11:03:14 =ERROR REPORT====
Error in process <0.744.3030> on node 'storage_01@10.0.1.106' with exit value:
{badarg,[{gen_fsm,send_event,2,[{file,"gen_fsm.erl"},{line,215}]}]}
2018-10-18 11:03:15 =ERROR REPORT====
Error in process <0.774.3030> on node 'storage_01@10.0.1.106' with exit value:
{badarg,[{gen_fsm,send_event,2,[{file,"gen_fsm.erl"},{line,215}]}]}
2018-10-18 11:03:16 =ERROR REPORT====
Error in process <0.914.3030> on node 'storage_01@10.0.1.106' with exit value:
{badarg,[{gen_fsm,send_event,2,[{file,"gen_fsm.erl"},{line,215}]}]}
2018-10-18 11:03:17 =ERROR REPORT====
Error in process <0.32412.3029> on node 'storage_01@10.0.1.106' with exit value:
{badarg,[{gen_fsm,send_event,2,[{file,"gen_fsm.erl"},{line,215}]}]}
2018-10-18 11:03:18 =ERROR REPORT====
Error in process <0.1058.3030> on node 'storage_01@10.0.1.106' with exit value:
{badarg,[{gen_fsm,send_event,2,[{file,"gen_fsm.erl"},{line,215}]}]}
2018-10-18 11:03:18 =ERROR REPORT====
Error in process <0.1030.3030> on node 'storage_01@10.0.1.106' with exit value:
{badarg,[{gen_fsm,send_event,2,[{file,"gen_fsm.erl"},{line,215}]}]}
2018-10-18 11:03:19 =ERROR REPORT====
Error in process <0.1121.3030> on node 'storage_01@10.0.1.106' with exit value:
{badarg,[{gen_fsm,send_event,2,[{file,"gen_fsm.erl"},{line,215}]}]}
2018-10-18 11:03:19 =ERROR REPORT====
Error in process <0.1112.3030> on node 'storage_01@10.0.1.106' with exit value:
{badarg,[{gen_fsm,send_event,2,[{file,"gen_fsm.erl"},{line,215}]}]}
2018-10-18 11:03:19 =ERROR REPORT====
Error in process <0.1122.3030> on node 'storage_01@10.0.1.106' with exit value:
{badarg,[{gen_fsm,send_event,2,[{file,"gen_fsm.erl"},{line,215}]}]}
2018-10-18 11:03:23 =ERROR REPORT====
{module,"leo_backend_db_eleveldb"},{function,"prefix_search/3"},{line,227},{body,badarg}
2018-10-18 11:03:27 =ERROR REPORT====
{module,"leo_backend_db_eleveldb"},{function,"prefix_search/3"},{line,227},{body,badarg}
2018-10-18 11:03:52 =ERROR REPORT====
{module,"leo_backend_db_eleveldb"},{function,"prefix_search/3"},{line,227},{body,{shutdown,{gen_server,call,[leo_redundant_manager_worker,{lookup,leo_ring_cur,197370719092016363058830593971954261126},30000]}}}
2018-10-18 11:03:52 =ERROR REPORT====
{module,"leo_backend_db_eleveldb"},{function,"prefix_search/3"},{line,227},{body,{shutdown,{gen_server,call,[leo_redundant_manager_worker,{lookup,leo_ring_cur,145749501257196391118804104496217057894},30000]}}}
2018-10-18 11:03:52 =ERROR REPORT====
{module,"leo_backend_db_eleveldb"},{function,"prefix_search/3"},{line,227},{body,{shutdown,{gen_server,call,[leo_redundant_manager_worker,{lookup,leo_ring_cur,72224956320733966576992584222722287799},30000]}}}
2018-10-18 11:03:52 =ERROR REPORT====
{module,"leo_backend_db_eleveldb"},{function,"prefix_search/3"},{line,227},{body,{shutdown,{gen_server,call,[leo_redundant_manager_worker,{lookup,leo_ring_cur,235130909012762952977422976973217527751},30000]}}}
2018-10-18 11:03:52 =ERROR REPORT====
{module,"leo_backend_db_eleveldb"},{function,"prefix_search/3"},{line,227},{body,{noproc,{gen_server,call,[leo_redundant_manager_worker,{lookup,leo_ring_cur,149438360416687469938001487997448149078},30000]}}}
2018-10-18 11:03:52 =ERROR REPORT====
{module,"leo_backend_db_eleveldb"},{function,"prefix_search/3"},{line,227},{body,{noproc,{gen_server,call,[leo_redundant_manager_worker,{lookup,leo_ring_cur,175973946588487859396802171068744241029},30000]}}}
2018-10-18 11:03:52 =ERROR REPORT====
{module,"leo_backend_db_eleveldb"},{function,"prefix_search/3"},{line,227},{body,{noproc,{gen_server,call,[leo_redundant_manager_worker,{lookup,leo_ring_cur,41391575144130335888876534095843096600},30000]}}}
2018-10-18 11:03:52 =ERROR REPORT====
{module,"leo_backend_db_eleveldb"},{function,"prefix_search/3"},{line,227},{body,{noproc,{gen_server,call,[leo_redundant_manager_worker,{lookup,leo_ring_cur,205227836934438400618545031404036723620},30000]}}}
2018-10-18 11:03:52 =ERROR REPORT====
{module,"leo_backend_db_eleveldb"},{function,"prefix_search/3"},{line,227},{body,{noproc,{gen_server,call,[leo_redundant_manager_worker,{lookup,leo_ring_cur,221382903646160302365293534814594169910},30000]}}}
2018-10-18 11:03:52 =ERROR REPORT====
{module,"leo_backend_db_eleveldb"},{function,"prefix_search/3"},{line,227},{body,{noproc,{gen_server,call,[leo_redundant_manager_worker,{lookup,leo_ring_cur,20587418786984330000542685940603399782},30000]}}}
2018-10-18 11:03:52 =ERROR REPORT====
{module,"leo_backend_db_eleveldb"},{function,"prefix_search/3"},{line,227},{body,{shutdown,{gen_server,call,[leo_redundant_manager_worker,{lookup,leo_ring_cur,161387795574575014139097172009550903926},30000]}}}
2018-10-18 11:03:52 =ERROR REPORT====
{module,"leo_backend_db_eleveldb"},{function,"prefix_search/3"},{line,227},{body,{shutdown,{gen_server,call,[leo_redundant_manager_worker,{lookup,leo_ring_cur,113589613360403525992943699004367873050},30000]}}}
2018-10-18 11:03:52 =ERROR REPORT====
{module,"leo_backend_db_eleveldb"},{function,"prefix_search/3"},{line,227},{body,{noproc,{gen_server,call,[leo_redundant_manager_worker,{lookup,leo_ring_cur,28875054643276627132745122903150836410},30000]}}}
2018-10-18 11:03:52 =ERROR REPORT====
{module,"leo_backend_db_eleveldb"},{function,"prefix_search/3"},{line,227},{body,{noproc,{gen_server,call,[leo_redundant_manager_worker,{lookup,leo_ring_cur,219040487511538376116317030552941688050},30000]}}}
2018-10-18 11:03:52 =ERROR REPORT====
{module,"leo_backend_db_eleveldb"},{function,"prefix_search/3"},{line,227},{body,{shutdown,{gen_server,call,[leo_redundant_manager_worker,{lookup,leo_ring_cur,251945459329371156189230031051127412369},30000]}}}
2018-10-18 11:03:52 =ERROR REPORT====
{module,"leo_backend_db_eleveldb"},{function,"prefix_search/3"},{line,227},{body,{noproc,{gen_server,call,[leo_redundant_manager_worker,{lookup,leo_ring_cur,277578668116654617373557821926164097106},30000]}}}
2018-10-18 11:03:52 =ERROR REPORT====
{module,"leo_backend_db_eleveldb"},{function,"prefix_search/3"},{line,227},{body,{noproc,{gen_server,call,[leo_redundant_manager_worker,{lookup,leo_ring_cur,222682174868736204502623219903789929469},30000]}}}
2018-10-18 11:03:52 =ERROR REPORT====
{module,"leo_backend_db_eleveldb"},{function,"prefix_search/3"},{line,227},{body,{noproc,{gen_server,call,[leo_redundant_manager_worker,{lookup,leo_ring_cur,51381292307636906954420462213002489584},30000]}}}
2018-10-18 11:03:52 =ERROR REPORT====
{module,"leo_backend_db_eleveldb"},{function,"prefix_search/3"},{line,227},{body,{noproc,{gen_server,call,[leo_redundant_manager_worker,{lookup,leo_ring_cur,29411570251948343098647323283369108431},30000]}}}
2018-10-18 11:03:52 =ERROR REPORT====
{module,"leo_backend_db_eleveldb"},{function,"prefix_search/3"},{line,227},{body,{noproc,{gen_server,call,[leo_redundant_manager_worker,{lookup,leo_ring_cur,46730563083721171216133695384034040336},30000]}}}
2018-10-18 11:03:52 =ERROR REPORT====
{module,"leo_backend_db_eleveldb"},{function,"prefix_search/3"},{line,227},{body,{noproc,{gen_server,call,[leo_redundant_manager_worker,{lookup,leo_ring_cur,54569352769206373837325358994512563112},30000]}}}
2018-10-18 11:03:52 =ERROR REPORT====
{module,"leo_backend_db_eleveldb"},{function,"prefix_search/3"},{line,227},{body,{noproc,{gen_server,call,[leo_redundant_manager_worker,{lookup,leo_ring_cur,297485501602809263604214974594380814056},30000]}}}
2018-10-18 11:03:52 =ERROR REPORT====
{module,"leo_backend_db_eleveldb"},{function,"prefix_search/3"},{line,227},{body,{noproc,{gen_server,call,[leo_redundant_manager_worker,{lookup,leo_ring_cur,123154394991223213747495933731904542751},30000]}}}
2018-10-18 11:03:52 =ERROR REPORT====
{module,"leo_backend_db_eleveldb"},{function,"prefix_search/3"},{line,227},{body,{noproc,{gen_server,call,[leo_redundant_manager_worker,{lookup,leo_ring_cur,139472409172509519343581469612359529002},30000]}}}
2018-10-18 11:03:52 =ERROR REPORT====
{module,"leo_backend_db_eleveldb"},{function,"prefix_search/3"},{line,227},{body,{noproc,{gen_server,call,[leo_redundant_manager_worker,{lookup,leo_ring_cur,222632319426589032707108400640694141137},30000]}}}
2018-10-18 11:03:52 =ERROR REPORT====
{module,"leo_backend_db_eleveldb"},{function,"prefix_search/3"},{line,227},{body,badarg}
2018-10-18 11:03:52 =ERROR REPORT====
{module,"leo_backend_db_eleveldb"},{function,"prefix_search/3"},{line,227},{body,{noproc,{gen_server,call,[leo_redundant_manager_worker,{lookup,leo_ring_cur,159540445857708978567431017966909803338},30000]}}}
2018-10-18 11:03:52 =ERROR REPORT====
{module,"leo_backend_db_eleveldb"},{function,"prefix_search/3"},{line,227},{body,{noproc,{gen_server,call,[leo_redundant_manager_worker,{lookup,leo_ring_cur,144058991756979307826391481694737237092},30000]}}}
2018-10-18 11:03:52 =ERROR REPORT====
{module,"leo_backend_db_eleveldb"},{function,"prefix_search/3"},{line,227},{body,{noproc,{gen_server,call,[leo_redundant_manager_worker,{lookup,leo_ring_cur,36936882455773594361393449715976566355},30000]}}}
2018-10-18 11:03:52 =ERROR REPORT====
{module,"leo_backend_db_eleveldb"},{function,"prefix_search/3"},{line,227},{body,{noproc,{gen_server,call,[leo_redundant_manager_worker,{lookup,leo_ring_cur,147340764352653212465266032691639813296},30000]}}}
2018-10-18 11:03:52 =ERROR REPORT====
{module,"leo_backend_db_eleveldb"},{function,"prefix_search/3"},{line,227},{body,{noproc,{gen_server,call,[leo_redundant_manager_worker,{lookup,leo_ring_cur,278598849316333400622260847170479273068},30000]}}}
2018-10-18 11:03:52 =ERROR REPORT====
{module,"leo_backend_db_eleveldb"},{function,"prefix_search/3"},{line,227},{body,{noproc,{gen_server,call,[leo_redundant_manager_worker,{lookup,leo_ring_cur,302776443766451976033926590483884638659},30000]}}}
2018-10-18 11:03:52 =ERROR REPORT====
{module,"leo_backend_db_eleveldb"},{function,"prefix_search/3"},{line,227},{body,{noproc,{gen_server,call,[leo_redundant_manager_worker,{lookup,leo_ring_cur,22504623342367822896737661519641126018},30000]}}}
2018-10-18 11:03:52 =ERROR REPORT====
{module,"leo_backend_db_eleveldb"},{function,"prefix_search/3"},{line,227},{body,{noproc,{gen_server,call,[leo_redundant_manager_worker,{lookup,leo_ring_cur,182419159258385201960610922681775430571},30000]}}}
2018-10-18 11:03:52 =ERROR REPORT====
{module,"leo_backend_db_eleveldb"},{function,"prefix_search/3"},{line,227},{body,{noproc,{gen_server,call,[leo_redundant_manager_worker,{lookup,leo_ring_cur,128536556988680491265891443103924672597},30000]}}}
2018-10-18 11:03:52 =ERROR REPORT====
{module,"leo_backend_db_eleveldb"},{function,"prefix_search/3"},{line,227},{body,{noproc,{gen_server,call,[leo_redundant_manager_worker,{lookup,leo_ring_cur,22504623342367822896737661519641126018},30000]}}}
2018-10-18 11:03:52 =ERROR REPORT====
{module,"leo_backend_db_eleveldb"},{function,"prefix_search/3"},{line,227},{body,{noproc,{gen_server,call,[leo_redundant_manager_worker,{lookup,leo_ring_cur,128536556988680491265891443103924672597},30000]}}}
2018-10-18 11:03:52 =ERROR REPORT====
{module,"leo_backend_db_eleveldb"},{function,"prefix_search/3"},{line,227},{body,{noproc,{gen_server,call,[leo_redundant_manager_worker,{lookup,leo_ring_cur,73415843141491593600561786281916777969},30000]}}}
2018-10-18 11:03:52 =ERROR REPORT====
{module,"leo_backend_db_eleveldb"},{function,"prefix_search/3"},{line,227},{body,{noproc,{gen_server,call,[leo_redundant_manager_worker,{lookup,leo_ring_cur,28010807109620253379508877956357913298},30000]}}}
2018-10-18 11:03:52 =ERROR REPORT====
{module,"leo_backend_db_eleveldb"},{function,"prefix_search/3"},{line,227},{body,{noproc,{gen_server,call,[leo_redundant_manager_worker,{lookup,leo_ring_cur,73415843141491593600561786281916777969},30000]}}}
2018-10-18 11:03:52 =ERROR REPORT====
{module,"leo_backend_db_eleveldb"},{function,"prefix_search/3"},{line,227},{body,{noproc,{gen_server,call,[leo_redundant_manager_worker,{lookup,leo_ring_cur,190336130971697787473002604602593825708},30000]}}}
2018-10-18 11:03:52 =ERROR REPORT====
{module,"leo_backend_db_eleveldb"},{function,"prefix_search/3"},{line,227},{body,{noproc,{gen_server,call,[leo_redundant_manager_worker,{lookup,leo_ring_cur,182419159258385201960610922681775430571},30000]}}}
2018-10-18 11:03:52 =ERROR REPORT====
{module,"leo_backend_db_eleveldb"},{function,"prefix_search/3"},{line,227},{body,{noproc,{gen_server,call,[leo_redundant_manager_worker,{lookup,leo_ring_cur,190559292817221079621435020511620532725},30000]}}}
2018-10-18 11:03:52 =ERROR REPORT====
{module,"leo_backend_db_eleveldb"},{function,"prefix_search/3"},{line,227},{body,{noproc,{gen_server,call,[leo_redundant_manager_worker,{lookup,leo_ring_cur,279480079116660868961615986175145639029},30000]}}}
2018-10-18 11:03:52 =ERROR REPORT====
{module,"leo_backend_db_eleveldb"},{function,"prefix_search/3"},{line,227},{body,{noproc,{gen_server,call,[leo_redundant_manager_worker,{lookup,leo_ring_cur,205754387655012781085851556430404799642},30000]}}}
2018-10-18 11:03:52 =ERROR REPORT====
{module,"leo_backend_db_eleveldb"},{function,"prefix_search/3"},{line,227},{body,{noproc,{gen_server,call,[leo_redundant_manager_worker,{lookup,leo_ring_cur,111671545798467527795014051430688722740},30000]}}}
2018-10-18 11:03:52 =ERROR REPORT====
{module,"leo_backend_db_eleveldb"},{function,"prefix_search/3"},{line,227},{body,{noproc,{gen_server,call,[leo_redundant_manager_worker,{lookup,leo_ring_cur,327818120447586609353918487021456063057},30000]}}}
2018-10-18 11:03:52 =ERROR REPORT====
{module,"leo_backend_db_eleveldb"},{function,"prefix_search/3"},{line,227},{body,{noproc,{gen_server,call,[leo_redundant_manager_worker,{lookup,leo_ring_cur,54169986475004943363812330639646287111},30000]}}}
2018-10-18 11:03:52 =ERROR REPORT====
{module,"leo_backend_db_eleveldb"},{function,"prefix_search/3"},{line,227},{body,{noproc,{gen_server,call,[leo_redundant_manager_worker,{lookup,leo_ring_cur,278598849316333400622260847170479273068},30000]}}}
2018-10-18 11:03:52 =ERROR REPORT====
{module,"leo_backend_db_eleveldb"},{function,"prefix_search/3"},{line,227},{body,{noproc,{gen_server,call,[leo_redundant_manager_worker,{lookup,leo_ring_cur,307308976408102466872928040873255500140},30000]}}}
2018-10-18 11:03:52 =ERROR REPORT====
{module,"leo_backend_db_eleveldb"},{function,"prefix_search/3"},{line,227},{body,{noproc,{gen_server,call,[leo_redundant_manager_worker,{lookup,leo_ring_cur,228441714531370477965819489462792394634},30000]}}}
2018-10-18 11:03:52 =ERROR REPORT====
{module,"leo_backend_db_eleveldb"},{function,"prefix_search/3"},{line,227},{body,{noproc,{gen_server,call,[leo_redundant_manager_worker,{lookup,leo_ring_cur,28986642296449824695954477693738367916},30000]}}}
2018-10-18 11:03:52 =ERROR REPORT====
{module,"leo_backend_db_eleveldb"},{function,"prefix_search/3"},{line,227},{body,{noproc,{gen_server,call,[leo_redundant_manager_worker,{lookup,leo_ring_cur,183346019471646400323237739164273334969},30000]}}}
2018-10-18 11:03:52 =ERROR REPORT====
{module,"leo_backend_db_eleveldb"},{function,"prefix_search/3"},{line,227},{body,{noproc,{gen_server,call,[leo_redundant_manager_worker,{lookup,leo_ring_cur,228441714531370477965819489462792394634},30000]}}}
2018-10-18 11:03:52 =ERROR REPORT====
{module,"leo_backend_db_eleveldb"},{function,"prefix_search/3"},{line,227},{body,{noproc,{gen_server,call,[leo_redundant_manager_worker,{lookup,leo_ring_cur,105339922618709528627063146216898163188},30000]}}}
2018-10-18 11:03:52 =ERROR REPORT====
{module,"leo_backend_db_eleveldb"},{function,"prefix_search/3"},{line,227},{body,{noproc,{gen_server,call,[leo_redundant_manager_worker,{lookup,leo_ring_cur,152867073951596701209259795329547850728},30000]}}}
2018-10-18 11:03:52 =ERROR REPORT====
{module,"leo_backend_db_eleveldb"},{function,"prefix_search/3"},{line,227},{body,{noproc,{gen_server,call,[leo_redundant_manager_worker,{lookup,leo_ring_cur,99341755669440012970181099769947897366},30000]}}}
2018-10-18 11:03:52 =ERROR REPORT====
{module,"leo_backend_db_eleveldb"},{function,"prefix_search/3"},{line,227},{body,{noproc,{gen_server,call,[leo_redundant_manager_worker,{lookup,leo_ring_cur,28010807109620253379508877956357913298},30000]}}}
2018-10-18 11:03:52 =ERROR REPORT====
{module,"leo_backend_db_eleveldb"},{function,"prefix_search/3"},{line,227},{body,{noproc,{gen_server,call,[leo_redundant_manager_worker,{lookup,leo_ring_cur,235145398980555528617589124345005784234},30000]}}}
2018-10-18 11:03:52 =ERROR REPORT====
{module,"leo_backend_db_eleveldb"},{function,"prefix_search/3"},{line,227},{body,{noproc,{gen_server,call,[leo_redundant_manager_worker,{lookup,leo_ring_cur,65378699999563498676415599432778035873},30000]}}}
2018-10-18 11:03:52 =ERROR REPORT====
{module,"leo_backend_db_eleveldb"},{function,"prefix_search/3"},{line,227},{body,{noproc,{gen_server,call,[leo_redundant_manager_worker,{lookup,leo_ring_cur,183346019471646400323237739164273334969},30000]}}}
2018-10-18 11:03:52 =ERROR REPORT====
{module,"leo_backend_db_eleveldb"},{function,"prefix_search/3"},{line,227},{body,{shutdown,{gen_server,call,[leo_redundant_manager_worker,{lookup,leo_ring_cur,248876435367340962094987283052489534897},30000]}}}
2018-10-18 11:03:52 =ERROR REPORT====
{module,"leo_backend_db_eleveldb"},{function,"prefix_search/3"},{line,227},{body,{noproc,{gen_server,call,[leo_redundant_manager_worker,{lookup,leo_ring_cur,111627737111370282204337249477356433525},30000]}}}
2018-10-18 11:03:52 =ERROR REPORT====
{module,"leo_backend_db_eleveldb"},{function,"prefix_search/3"},{line,227},{body,{noproc,{gen_server,call,[leo_redundant_manager_worker,{lookup,leo_ring_cur,28986642296449824695954477693738367916},30000]}}}
2018-10-18 11:03:52 =ERROR REPORT====
{module,"leo_backend_db_eleveldb"},{function,"prefix_search/3"},{line,227},{body,{noproc,{gen_server,call,[leo_redundant_manager_worker,{lookup,leo_ring_cur,183286515912410443954444569355482552176},30000]}}}
2018-10-18 11:03:52 =ERROR REPORT====
{module,"leo_backend_db_eleveldb"},{function,"prefix_search/3"},{line,227},{body,{noproc,{gen_server,call,[leo_redundant_manager_worker,{lookup,leo_ring_cur,72512151380193530273124714413551444729},30000]}}}
2018-10-18 11:03:52 =ERROR REPORT====
{module,"leo_backend_db_eleveldb"},{function,"prefix_search/3"},{line,227},{body,{noproc,{gen_server,call,[leo_redundant_manager_worker,{lookup,leo_ring_cur,129458120235215819347046513913938492335},30000]}}}
2018-10-18 11:03:52 =ERROR REPORT====
{module,"leo_backend_db_eleveldb"},{function,"prefix_search/3"},{line,227},{body,{noproc,{gen_server,call,[leo_redundant_manager_worker,{lookup,leo_ring_cur,72512151380193530273124714413551444729},30000]}}}
2018-10-18 11:03:52 =ERROR REPORT====
{module,"leo_backend_db_eleveldb"},{function,"prefix_search/3"},{line,227},{body,{noproc,{gen_server,call,[leo_redundant_manager_worker,{lookup,leo_ring_cur,280628081736328368622878292181976935191},30000]}}}
2018-10-18 11:03:52 =ERROR REPORT====
{module,"leo_backend_db_eleveldb"},{function,"prefix_search/3"},{line,227},{body,{noproc,{gen_server,call,[leo_redundant_manager_worker,{lookup,leo_ring_cur,190336130971697787473002604602593825708},30000]}}}
2018-10-18 11:03:52 =ERROR REPORT====
{module,"leo_backend_db_eleveldb"},{function,"prefix_search/3"},{line,227},{body,{noproc,{gen_server,call,[leo_redundant_manager_worker,{lookup,leo_ring_cur,302776443766451976033926590483884638659},30000]}}}
2018-10-18 11:03:52 =ERROR REPORT====
{module,"leo_backend_db_eleveldb"},{function,"prefix_search/3"},{line,227},{body,{noproc,{gen_server,call,[leo_redundant_manager_worker,{lookup,leo_ring_cur,28986642296449824695954477693738367916},30000]}}}
2018-10-18 11:03:52 =ERROR REPORT====
{module,"leo_backend_db_eleveldb"},{function,"prefix_search/3"},{line,227},{body,{noproc,{gen_server,call,[leo_redundant_manager_worker,{lookup,leo_ring_cur,190336130971697787473002604602593825708},30000]}}}
2018-10-18 11:03:52 =ERROR REPORT====
{module,"leo_backend_db_eleveldb"},{function,"prefix_search/3"},{line,227},{body,{noproc,{gen_server,call,[leo_redundant_manager_worker,{lookup,leo_ring_cur,183286515912410443954444569355482552176},30000]}}}
2018-10-18 11:03:52 =ERROR REPORT====
{module,"leo_backend_db_eleveldb"},{function,"prefix_search/3"},{line,227},{body,{noproc,{gen_server,call,[leo_redundant_manager_worker,{lookup,leo_ring_cur,280628081736328368622878292181976935191},30000]}}}
2018-10-18 11:03:52 =ERROR REPORT====
{module,"leo_backend_db_eleveldb"},{function,"prefix_search/3"},{line,227},{body,{noproc,{gen_server,call,[leo_redundant_manager_worker,{lookup,leo_ring_cur,129458120235215819347046513913938492335},30000]}}}
2018-10-18 11:03:52 =ERROR REPORT====
{module,"leo_backend_db_eleveldb"},{function,"prefix_search/3"},{line,227},{body,{noproc,{gen_server,call,[leo_redundant_manager_worker,{lookup,leo_ring_cur,183346019471646400323237739164273334969},30000]}}}
2018-10-18 11:03:52 =ERROR REPORT====
{module,"leo_backend_db_eleveldb"},{function,"prefix_search/3"},{line,227},{body,{noproc,{gen_server,call,[leo_redundant_manager_worker,{lookup,leo_ring_cur,280628081736328368622878292181976935191},30000]}}}
2018-10-18 11:03:52 =ERROR REPORT====
{module,"leo_backend_db_eleveldb"},{function,"prefix_search/3"},{line,227},{body,{noproc,{gen_server,call,[leo_redundant_manager_worker,{lookup,leo_ring_cur,128536556988680491265891443103924672597},30000]}}}
2018-10-18 11:03:53 =ERROR REPORT====
{module,"leo_backend_db_eleveldb"},{function,"prefix_search/3"},{line,227},{body,{noproc,{gen_server,call,[leo_redundant_manager_worker,{lookup,leo_ring_cur,289201546287198590840631644021023513358},30000]}}}
2018-10-18 11:03:53 =ERROR REPORT====
{module,"leo_backend_db_eleveldb"},{function,"prefix_search/3"},{line,227},{body,{noproc,{gen_server,call,[leo_redundant_manager_worker,{lookup,leo_ring_cur,182419159258385201960610922681775430571},30000]}}}
2018-10-18 11:03:53 =ERROR REPORT====
{module,"leo_backend_db_eleveldb"},{function,"prefix_search/3"},{line,227},{body,{noproc,{gen_server,call,[leo_redundant_manager_worker,{lookup,leo_ring_cur,235145398980555528617589124345005784234},30000]}}}
2018-10-18 11:03:53 =ERROR REPORT====
{module,"leo_backend_db_eleveldb"},{function,"prefix_search/3"},{line,227},{body,{noproc,{gen_server,call,[leo_redundant_manager_worker,{lookup,leo_ring_cur,121133030930809808946389962162206036708},30000]}}}
2018-10-18 11:03:53 =ERROR REPORT====
{module,"leo_backend_db_eleveldb"},{function,"prefix_search/3"},{line,227},{body,{noproc,{gen_server,call,[leo_redundant_manager_worker,{lookup,leo_ring_cur,289201546287198590840631644021023513358},30000]}}}
2018-10-18 11:03:53 =ERROR REPORT====
{module,"leo_backend_db_eleveldb"},{function,"prefix_search/3"},{line,227},{body,{noproc,{gen_server,call,[leo_redundant_manager_worker,{lookup,leo_ring_cur,280628081736328368622878292181976935191},30000]}}}
2018-10-18 11:03:53 =ERROR REPORT====
{module,"leo_backend_db_eleveldb"},{function,"prefix_search/3"},{line,227},{body,{noproc,{gen_server,call,[leo_redundant_manager_worker,{lookup,leo_ring_cur,121133030930809808946389962162206036708},30000]}}}
2018-10-18 11:03:53 =ERROR REPORT====
{module,"leo_backend_db_eleveldb"},{function,"prefix_search/3"},{line,227},{body,{noproc,{gen_server,call,[leo_redundant_manager_worker,{lookup,leo_ring_cur,28010807109620253379508877956357913298},30000]}}}
2018-10-18 11:03:53 =ERROR REPORT====
{module,"leo_backend_db_eleveldb"},{function,"prefix_search/3"},{line,227},{body,{noproc,{gen_server,call,[leo_redundant_manager_worker,{lookup,leo_ring_cur,302776443766451976033926590483884638659},30000]}}}
2018-10-18 11:03:53 =ERROR REPORT====
{module,"leo_backend_db_eleveldb"},{function,"prefix_search/3"},{line,227},{body,{noproc,{gen_server,call,[leo_redundant_manager_worker,{lookup,leo_ring_cur,182419159258385201960610922681775430571},30000]}}}
2018-10-18 11:03:53 =ERROR REPORT====
{module,"leo_backend_db_eleveldb"},{function,"prefix_search/3"},{line,227},{body,{noproc,{gen_server,call,[leo_redundant_manager_worker,{lookup,leo_ring_cur,235145398980555528617589124345005784234},30000]}}}
2018-10-18 11:03:53 =ERROR REPORT====
{module,"leo_backend_db_eleveldb"},{function,"prefix_search/3"},{line,227},{body,{noproc,{gen_server,call,[leo_redundant_manager_worker,{lookup,leo_ring_cur,121133030930809808946389962162206036708},30000]}}}
2018-10-18 11:03:53 =ERROR REPORT====
{module,"leo_backend_db_eleveldb"},{function,"prefix_search/3"},{line,227},{body,{noproc,{gen_server,call,[leo_redundant_manager_worker,{lookup,leo_ring_cur,129458120235215819347046513913938492335},30000]}}}
2018-10-18 11:03:53 =ERROR REPORT====
{module,"leo_backend_db_eleveldb"},{function,"prefix_search/3"},{line,227},{body,{noproc,{gen_server,call,[leo_redundant_manager_worker,{lookup,leo_ring_cur,121133030930809808946389962162206036708},30000]}}}
2018-10-18 11:03:53 =ERROR REPORT====
{module,"leo_backend_db_eleveldb"},{function,"prefix_search/3"},{line,227},{body,{noproc,{gen_server,call,[leo_redundant_manager_worker,{lookup,leo_ring_cur,289201546287198590840631644021023513358},30000]}}}
2018-10-18 11:03:53 =ERROR REPORT====
{module,"leo_backend_db_eleveldb"},{function,"prefix_search/3"},{line,227},{body,{noproc,{gen_server,call,[leo_redundant_manager_worker,{lookup,leo_ring_cur,302776443766451976033926590483884638659},30000]}}}
2018-10-18 11:03:53 =ERROR REPORT====
{module,"leo_backend_db_eleveldb"},{function,"prefix_search/3"},{line,227},{body,{noproc,{gen_server,call,[leo_redundant_manager_worker,{lookup,leo_ring_cur,28010807109620253379508877956357913298},30000]}}}
2018-10-18 11:03:53 =ERROR REPORT====
{module,"leo_backend_db_eleveldb"},{function,"prefix_search/3"},{line,227},{body,{noproc,{gen_server,call,[leo_redundant_manager_worker,{lookup,leo_ring_cur,121133030930809808946389962162206036708},30000]}}}
2018-10-18 11:03:53 =ERROR REPORT====
{module,"leo_backend_db_eleveldb"},{function,"prefix_search/3"},{line,227},{body,{noproc,{gen_server,call,[leo_redundant_manager_worker,{lookup,leo_ring_cur,128536556988680491265891443103924672597},30000]}}}
2018-10-18 11:03:53 =ERROR REPORT====
{module,"leo_backend_db_eleveldb"},{function,"prefix_search/3"},{line,227},{body,{noproc,{gen_server,call,[leo_redundant_manager_worker,{lookup,leo_ring_cur,289201546287198590840631644021023513358},30000]}}}
2018-10-18 11:03:53 =ERROR REPORT====
{module,"leo_backend_db_eleveldb"},{function,"prefix_search/3"},{line,227},{body,{noproc,{gen_server,call,[leo_redundant_manager_worker,{lookup,leo_ring_cur,182419159258385201960610922681775430571},30000]}}}
2018-10-18 11:03:53 =ERROR REPORT====
{module,"leo_backend_db_eleveldb"},{function,"prefix_search/3"},{line,227},{body,{noproc,{gen_server,call,[leo_redundant_manager_worker,{lookup,leo_ring_cur,128536556988680491265891443103924672597},30000]}}}
2018-10-18 11:03:53 =ERROR REPORT====
{module,"leo_backend_db_eleveldb"},{function,"prefix_search/3"},{line,227},{body,{noproc,{gen_server,call,[leo_redundant_manager_worker,{lookup,leo_ring_cur,147340764352653212465266032691639813296},30000]}}}
2018-10-18 11:03:53 =ERROR REPORT====
{module,"leo_backend_db_eleveldb"},{function,"prefix_search/3"},{line,227},{body,{noproc,{gen_server,call,[leo_redundant_manager_worker,{lookup,leo_ring_cur,235145398980555528617589124345005784234},30000]}}}
2018-10-18 11:03:53 =ERROR REPORT====
{module,"leo_backend_db_eleveldb"},{function,"prefix_search/3"},{line,227},{body,{noproc,{gen_server,call,[leo_redundant_manager_worker,{lookup,leo_ring_cur,121133030930809808946389962162206036708},30000]}}}
2018-10-18 11:03:53 =ERROR REPORT====
{module,"leo_backend_db_eleveldb"},{function,"prefix_search/3"},{line,227},{body,{noproc,{gen_server,call,[leo_redundant_manager_worker,{lookup,leo_ring_cur,289201546287198590840631644021023513358},30000]}}}
2018-10-18 11:09:43 =ERROR REPORT====
Error in process <0.8776.0> on node 'storage_01@10.0.1.106' with exit value:
{badarg,[{gen_fsm,send_event,2,[{file,"gen_fsm.erl"},{line,215}]}]}
2018-10-18 11:09:44 =ERROR REPORT====
Error in process <0.8980.0> on node 'storage_01@10.0.1.106' with exit value:
{badarg,[{gen_fsm,send_event,2,[{file,"gen_fsm.erl"},{line,215}]}]}
2018-10-18 11:09:44 =ERROR REPORT====
Error in process <0.8981.0> on node 'storage_01@10.0.1.106' with exit value:
{badarg,[{gen_fsm,send_event,2,[{file,"gen_fsm.erl"},{line,215}]}]}
2018-10-18 11:09:44 =ERROR REPORT====
Error in process <0.8985.0> on node 'storage_01@10.0.1.106' with exit value:
{badarg,[{gen_fsm,send_event,2,[{file,"gen_fsm.erl"},{line,215}]}]}
2018-10-18 11:09:44 =ERROR REPORT====
Error in process <0.8993.0> on node 'storage_01@10.0.1.106' with exit value:
{badarg,[{gen_fsm,send_event,2,[{file,"gen_fsm.erl"},{line,215}]}]}
2018-10-18 11:09:44 =ERROR REPORT====
Error in process <0.8997.0> on node 'storage_01@10.0.1.106' with exit value:
{badarg,[{gen_fsm,send_event,2,[{file,"gen_fsm.erl"},{line,215}]}]}
2018-10-18 11:09:44 =ERROR REPORT====
Error in process <0.9001.0> on node 'storage_01@10.0.1.106' with exit value:
{badarg,[{gen_fsm,send_event,2,[{file,"gen_fsm.erl"},{line,215}]}]}
2018-10-18 11:09:45 =ERROR REPORT====
Error in process <0.9002.0> on node 'storage_01@10.0.1.106' with exit value:
{badarg,[{gen_fsm,send_event,2,[{file,"gen_fsm.erl"},{line,215}]}]}
2018-10-18 11:09:45 =ERROR REPORT====
Error in process <0.9006.0> on node 'storage_01@10.0.1.106' with exit value:
{badarg,[{gen_fsm,send_event,2,[{file,"gen_fsm.erl"},{line,215}]}]}
2018-10-18 11:09:45 =ERROR REPORT====
Error in process <0.9007.0> on node 'storage_01@10.0.1.106' with exit value:
{badarg,[{gen_fsm,send_event,2,[{file,"gen_fsm.erl"},{line,215}]}]}
2018-10-18 11:09:45 =ERROR REPORT====
Error in process <0.9015.0> on node 'storage_01@10.0.1.106' with exit value:
{badarg,[{gen_fsm,send_event,2,[{file,"gen_fsm.erl"},{line,215}]}]}
2018-10-18 11:09:45 =ERROR REPORT====
Error in process <0.9016.0> on node 'storage_01@10.0.1.106' with exit value:
{badarg,[{gen_fsm,send_event,2,[{file,"gen_fsm.erl"},{line,215}]}]}
2018-10-18 11:09:45 =ERROR REPORT====
Error in process <0.9020.0> on node 'storage_01@10.0.1.106' with exit value:
{badarg,[{gen_fsm,send_event,2,[{file,"gen_fsm.erl"},{line,215}]}]}
2018-10-18 11:09:45 =ERROR REPORT====
Error in process <0.9031.0> on node 'storage_01@10.0.1.106' with exit value:
{badarg,[{gen_fsm,send_event,2,[{file,"gen_fsm.erl"},{line,215}]}]}
2018-10-18 11:09:46 =ERROR REPORT====
Error in process <0.9038.0> on node 'storage_01@10.0.1.106' with exit value:
{badarg,[{gen_fsm,send_event,2,[{file,"gen_fsm.erl"},{line,215}]}]}
2018-10-18 11:09:46 =ERROR REPORT====
Error in process <0.9048.0> on node 'storage_01@10.0.1.106' with exit value:
{badarg,[{gen_fsm,send_event,2,[{file,"gen_fsm.erl"},{line,215}]}]}
2018-10-18 11:09:46 =ERROR REPORT====
Error in process <0.9050.0> on node 'storage_01@10.0.1.106' with exit value:
{badarg,[{gen_fsm,send_event,2,[{file,"gen_fsm.erl"},{line,215}]}]}
2018-10-18 11:09:46 =ERROR REPORT====
Error in process <0.9051.0> on node 'storage_01@10.0.1.106' with exit value:
{badarg,[{gen_fsm,send_event,2,[{file,"gen_fsm.erl"},{line,215}]}]}
2018-10-18 11:09:46 =ERROR REPORT====
Error in process <0.9052.0> on node 'storage_01@10.0.1.106' with exit value:
{badarg,[{gen_fsm,send_event,2,[{file,"gen_fsm.erl"},{line,215}]}]}
2018-10-18 11:09:47 =ERROR REPORT====
Error in process <0.9063.0> on node 'storage_01@10.0.1.106' with exit value:
{badarg,[{gen_fsm,send_event,2,[{file,"gen_fsm.erl"},{line,215}]}]}
2018-10-18 11:09:47 =ERROR REPORT====
Error in process <0.9083.0> on node 'storage_01@10.0.1.106' with exit value:
{badarg,[{gen_fsm,send_event,2,[{file,"gen_fsm.erl"},{line,215}]}]}
2018-10-18 11:09:47 =ERROR REPORT====
Error in process <0.9090.0> on node 'storage_01@10.0.1.106' with exit value:
{badarg,[{gen_fsm,send_event,2,[{file,"gen_fsm.erl"},{line,215}]}]}
2018-10-18 11:09:47 =ERROR REPORT====
Error in process <0.9103.0> on node 'storage_01@10.0.1.106' with exit value:
{badarg,[{gen_fsm,send_event,2,[{file,"gen_fsm.erl"},{line,215}]}]}
2018-10-18 11:09:47 =ERROR REPORT====
Error in process <0.9104.0> on node 'storage_01@10.0.1.106' with exit value:
{badarg,[{gen_fsm,send_event,2,[{file,"gen_fsm.erl"},{line,215}]}]}
2018-10-18 11:09:47 =ERROR REPORT====
Error in process <0.9109.0> on node 'storage_01@10.0.1.106' with exit value:
{badarg,[{gen_fsm,send_event,2,[{file,"gen_fsm.erl"},{line,215}]}]}
2018-10-18 11:09:47 =ERROR REPORT====
Error in process <0.9113.0> on node 'storage_01@10.0.1.106' with exit value:
{badarg,[{gen_fsm,send_event,2,[{file,"gen_fsm.erl"},{line,215}]}]}
2018-10-18 11:09:47 =ERROR REPORT====
Error in process <0.9117.0> on node 'storage_01@10.0.1.106' with exit value:
{badarg,[{gen_fsm,send_event,2,[{file,"gen_fsm.erl"},{line,215}]}]}
2018-10-18 11:09:48 =ERROR REPORT====
Error in process <0.9127.0> on node 'storage_01@10.0.1.106' with exit value:
{badarg,[{gen_fsm,send_event,2,[{file,"gen_fsm.erl"},{line,215}]}]}
2018-10-18 11:09:48 =ERROR REPORT====
Error in process <0.9128.0> on node 'storage_01@10.0.1.106' with exit value:
{badarg,[{gen_fsm,send_event,2,[{file,"gen_fsm.erl"},{line,215}]}]}
2018-10-18 11:09:48 =ERROR REPORT====
Error in process <0.9138.0> on node 'storage_01@10.0.1.106' with exit value:
{badarg,[{gen_fsm,send_event,2,[{file,"gen_fsm.erl"},{line,215}]}]}
2018-10-18 11:09:48 =ERROR REPORT====
Error in process <0.9140.0> on node 'storage_01@10.0.1.106' with exit value:
{badarg,[{gen_fsm,send_event,2,[{file,"gen_fsm.erl"},{line,215}]}]}
2018-10-18 11:09:48 =ERROR REPORT====
Error in process <0.9151.0> on node 'storage_01@10.0.1.106' with exit value:
{badarg,[{gen_fsm,send_event,2,[{file,"gen_fsm.erl"},{line,215}]}]}
2018-10-18 11:09:49 =ERROR REPORT====
Error in process <0.9158.0> on node 'storage_01@10.0.1.106' with exit value:
{badarg,[{gen_fsm,send_event,2,[{file,"gen_fsm.erl"},{line,215}]}]}
2018-10-18 11:09:49 =ERROR REPORT====
Error in process <0.9159.0> on node 'storage_01@10.0.1.106' with exit value:
{badarg,[{gen_fsm,send_event,2,[{file,"gen_fsm.erl"},{line,215}]}]}
2018-10-18 11:09:49 =ERROR REPORT====
Error in process <0.9166.0> on node 'storage_01@10.0.1.106' with exit value:
{badarg,[{gen_fsm,send_event,2,[{file,"gen_fsm.erl"},{line,215}]}]}
2018-10-18 11:09:49 =ERROR REPORT====
Error in process <0.9170.0> on node 'storage_01@10.0.1.106' with exit value:
{badarg,[{gen_fsm,send_event,2,[{file,"gen_fsm.erl"},{line,215}]}]}
2018-10-18 11:09:49 =ERROR REPORT====
Error in process <0.9174.0> on node 'storage_01@10.0.1.106' with exit value:
{badarg,[{gen_fsm,send_event,2,[{file,"gen_fsm.erl"},{line,215}]}]}
2018-10-18 11:09:49 =ERROR REPORT====
Error in process <0.9179.0> on node 'storage_01@10.0.1.106' with exit value:
{badarg,[{gen_fsm,send_event,2,[{file,"gen_fsm.erl"},{line,215}]}]}
2018-10-18 11:09:49 =ERROR REPORT====
Error in process <0.9180.0> on node 'storage_01@10.0.1.106' with exit value:
{badarg,[{gen_fsm,send_event,2,[{file,"gen_fsm.erl"},{line,215}]}]}
2018-10-18 11:09:49 =ERROR REPORT====
Error in process <0.9188.0> on node 'storage_01@10.0.1.106' with exit value:
{badarg,[{gen_fsm,send_event,2,[{file,"gen_fsm.erl"},{line,215}]}]}
2018-10-18 11:09:49 =ERROR REPORT====
Error in process <0.9189.0> on node 'storage_01@10.0.1.106' with exit value:
{badarg,[{gen_fsm,send_event,2,[{file,"gen_fsm.erl"},{line,215}]}]}
2018-10-18 11:09:50 =ERROR REPORT====
Error in process <0.9196.0> on node 'storage_01@10.0.1.106' with exit value:
{badarg,[{gen_fsm,send_event,2,[{file,"gen_fsm.erl"},{line,215}]}]}
2018-10-18 11:09:50 =ERROR REPORT====
Error in process <0.9200.0> on node 'storage_01@10.0.1.106' with exit value:
{badarg,[{gen_fsm,send_event,2,[{file,"gen_fsm.erl"},{line,215}]}]}
2018-10-18 11:09:50 =ERROR REPORT====
Error in process <0.9201.0> on node 'storage_01@10.0.1.106' with exit value:
{badarg,[{gen_fsm,send_event,2,[{file,"gen_fsm.erl"},{line,215}]}]}
2018-10-18 11:09:50 =ERROR REPORT====
Error in process <0.9209.0> on node 'storage_01@10.0.1.106' with exit value:
{badarg,[{gen_fsm,send_event,2,[{file,"gen_fsm.erl"},{line,215}]}]}
2018-10-18 11:09:50 =ERROR REPORT====
Error in process <0.9210.0> on node 'storage_01@10.0.1.106' with exit value:
{badarg,[{gen_fsm,send_event,2,[{file,"gen_fsm.erl"},{line,215}]}]}
2018-10-18 11:09:51 =ERROR REPORT====
Error in process <0.9220.0> on node 'storage_01@10.0.1.106' with exit value:
{badarg,[{gen_fsm,send_event,2,[{file,"gen_fsm.erl"},{line,215}]}]}
2018-10-18 11:09:51 =ERROR REPORT====
Error in process <0.9221.0> on node 'storage_01@10.0.1.106' with exit value:
{badarg,[{gen_fsm,send_event,2,[{file,"gen_fsm.erl"},{line,215}]}]}
2018-10-18 11:09:51 =ERROR REPORT====
Error in process <0.9222.0> on node 'storage_01@10.0.1.106' with exit value:
{badarg,[{gen_fsm,send_event,2,[{file,"gen_fsm.erl"},{line,215}]}]}
2018-10-18 11:09:51 =ERROR REPORT====
Error in process <0.9223.0> on node 'storage_01@10.0.1.106' with exit value:
{badarg,[{gen_fsm,send_event,2,[{file,"gen_fsm.erl"},{line,215}]}]}
2018-10-18 11:09:51 =ERROR REPORT====
Error in process <0.9237.0> on node 'storage_01@10.0.1.106' with exit value:
{badarg,[{gen_fsm,send_event,2,[{file,"gen_fsm.erl"},{line,215}]}]}
2018-10-18 11:09:51 =ERROR REPORT====
Error in process <0.9248.0> on node 'storage_01@10.0.1.106' with exit value:
{badarg,[{gen_fsm,send_event,2,[{file,"gen_fsm.erl"},{line,215}]}]}
2018-10-18 11:09:52 =ERROR REPORT====
Error in process <0.9256.0> on node 'storage_01@10.0.1.106' with exit value:
{badarg,[{gen_fsm,send_event,2,[{file,"gen_fsm.erl"},{line,215}]}]}
2018-10-18 11:09:52 =ERROR REPORT====
Error in process <0.9260.0> on node 'storage_01@10.0.1.106' with exit value:
{badarg,[{gen_fsm,send_event,2,[{file,"gen_fsm.erl"},{line,215}]}]}
2018-10-18 11:09:52 =ERROR REPORT====
Error in process <0.9261.0> on node 'storage_01@10.0.1.106' with exit value:
{badarg,[{gen_fsm,send_event,2,[{file,"gen_fsm.erl"},{line,215}]}]}
2018-10-18 11:09:52 =ERROR REPORT====
Error in process <0.9278.0> on node 'storage_01@10.0.1.106' with exit value:
{badarg,[{gen_fsm,send_event,2,[{file,"gen_fsm.erl"},{line,215}]}]}
2018-10-18 11:09:53 =ERROR REPORT====
Error in process <0.9279.0> on node 'storage_01@10.0.1.106' with exit value:
{badarg,[{gen_fsm,send_event,2,[{file,"gen_fsm.erl"},{line,215}]}]}
2018-10-18 11:09:53 =ERROR REPORT====
Error in process <0.9286.0> on node 'storage_01@10.0.1.106' with exit value:
{badarg,[{gen_fsm,send_event,2,[{file,"gen_fsm.erl"},{line,215}]}]}
2018-10-18 11:09:53 =ERROR REPORT====
Error in process <0.9287.0> on node 'storage_01@10.0.1.106' with exit value:
{badarg,[{gen_fsm,send_event,2,[{file,"gen_fsm.erl"},{line,215}]}]}
2018-10-18 11:09:53 =ERROR REPORT====
Error in process <0.9299.0> on node 'storage_01@10.0.1.106' with exit value:
{badarg,[{gen_fsm,send_event,2,[{file,"gen_fsm.erl"},{line,215}]}]}
2018-10-18 11:09:53 =ERROR REPORT====
Error in process <0.9300.0> on node 'storage_01@10.0.1.106' with exit value:
{badarg,[{gen_fsm,send_event,2,[{file,"gen_fsm.erl"},{line,215}]}]}
2018-10-18 11:09:53 =ERROR REPORT====
Error in process <0.9311.0> on node 'storage_01@10.0.1.106' with exit value:
{badarg,[{gen_fsm,send_event,2,[{file,"gen_fsm.erl"},{line,215}]}]}
2018-10-18 11:09:54 =ERROR REPORT====
Error in process <0.9328.0> on node 'storage_01@10.0.1.106' with exit value:
{badarg,[{gen_fsm,send_event,2,[{file,"gen_fsm.erl"},{line,215}]}]}
2018-10-18 11:09:54 =ERROR REPORT====
Error in process <0.9329.0> on node 'storage_01@10.0.1.106' with exit value:
{badarg,[{gen_fsm,send_event,2,[{file,"gen_fsm.erl"},{line,215}]}]}
2018-10-18 11:09:55 =ERROR REPORT====
Error in process <0.9342.0> on node 'storage_01@10.0.1.106' with exit value:
{badarg,[{gen_fsm,send_event,2,[{file,"gen_fsm.erl"},{line,215}]}]}
2018-10-18 11:09:56 =ERROR REPORT====
Error in process <0.9386.0> on node 'storage_01@10.0.1.106' with exit value:
{badarg,[{gen_fsm,send_event,2,[{file,"gen_fsm.erl"},{line,215}]}]}
2018-10-18 11:09:57 =ERROR REPORT====
Error in process <0.9401.0> on node 'storage_01@10.0.1.106' with exit value:
{badarg,[{gen_fsm,send_event,2,[{file,"gen_fsm.erl"},{line,215}]}]}
2018-10-18 11:10:05 =ERROR REPORT====
{module,"leo_backend_db_eleveldb"},{function,"prefix_search/3"},{line,227},{body,badarg}
2018-10-18 11:10:07 =ERROR REPORT====
{module,"leo_backend_db_eleveldb"},{function,"prefix_search/3"},{line,227},{body,badarg}
2018-10-18 11:10:07 =ERROR REPORT====
{module,"leo_backend_db_eleveldb"},{function,"prefix_search/3"},{line,227},{body,badarg}
2018-10-18 11:10:07 =ERROR REPORT====
{module,"leo_backend_db_eleveldb"},{function,"prefix_search/3"},{line,227},{body,badarg}
2018-10-18 11:10:07 =ERROR REPORT====
{module,"leo_backend_db_eleveldb"},{function,"prefix_search/3"},{line,227},{body,badarg}
2018-10-18 11:10:07 =ERROR REPORT====
{module,"leo_backend_db_eleveldb"},{function,"prefix_search/3"},{line,227},{body,badarg}
2018-10-18 11:10:07 =ERROR REPORT====
{module,"leo_backend_db_eleveldb"},{function,"prefix_search/3"},{line,227},{body,badarg}
2018-10-18 11:10:07 =ERROR REPORT====
{module,"leo_backend_db_eleveldb"},{function,"prefix_search/3"},{line,227},{body,badarg}
2018-10-18 11:10:07 =ERROR REPORT====
{module,"leo_backend_db_eleveldb"},{function,"prefix_search/3"},{line,227},{body,badarg}
2018-10-18 11:10:07 =ERROR REPORT====
{module,"leo_backend_db_eleveldb"},{function,"prefix_search/3"},{line,227},{body,badarg}
2018-10-18 11:10:07 =ERROR REPORT====
{module,"leo_backend_db_eleveldb"},{function,"prefix_search/3"},{line,227},{body,badarg}
2018-10-18 11:10:07 =ERROR REPORT====
{module,"leo_backend_db_eleveldb"},{function,"prefix_search/3"},{line,227},{body,badarg}
2018-10-18 11:10:07 =ERROR REPORT====
{module,"leo_backend_db_eleveldb"},{function,"prefix_search/3"},{line,227},{body,badarg}
2018-10-18 11:10:07 =ERROR REPORT====
{module,"leo_backend_db_eleveldb"},{function,"prefix_search/3"},{line,227},{body,badarg}
2018-10-18 11:10:07 =ERROR REPORT====
{module,"leo_backend_db_eleveldb"},{function,"prefix_search/3"},{line,227},{body,badarg}
2018-10-18 11:10:07 =ERROR REPORT====
{module,"leo_backend_db_eleveldb"},{function,"prefix_search/3"},{line,227},{body,badarg}
2018-10-18 11:10:07 =ERROR REPORT====
{module,"leo_backend_db_eleveldb"},{function,"prefix_search/3"},{line,227},{body,badarg}
2018-10-18 11:10:07 =ERROR REPORT====
{module,"leo_backend_db_eleveldb"},{function,"prefix_search/3"},{line,227},{body,badarg}
2018-10-18 11:10:07 =ERROR REPORT====
{module,"leo_backend_db_eleveldb"},{function,"prefix_search/3"},{line,227},{body,badarg}
2018-10-18 11:10:07 =ERROR REPORT====
{module,"leo_backend_db_eleveldb"},{function,"prefix_search/3"},{line,227},{body,badarg}
2018-10-18 11:10:07 =ERROR REPORT====
{module,"leo_backend_db_eleveldb"},{function,"prefix_search/3"},{line,227},{body,badarg}
2018-10-18 11:10:07 =ERROR REPORT====
{module,"leo_backend_db_eleveldb"},{function,"prefix_search/3"},{line,227},{body,badarg}
2018-10-18 11:10:07 =ERROR REPORT====
{module,"leo_backend_db_eleveldb"},{function,"prefix_search/3"},{line,227},{body,badarg}
2018-10-18 11:10:07 =ERROR REPORT====
{module,"leo_backend_db_eleveldb"},{function,"prefix_search/3"},{line,227},{body,badarg}
2018-10-18 11:10:07 =ERROR REPORT====
{module,"leo_backend_db_eleveldb"},{function,"prefix_search/3"},{line,227},{body,badarg}
2018-10-18 11:10:07 =ERROR REPORT====
{module,"leo_backend_db_eleveldb"},{function,"prefix_search/3"},{line,227},{body,badarg}
2018-10-18 11:10:07 =ERROR REPORT====
{module,"leo_backend_db_eleveldb"},{function,"prefix_search/3"},{line,227},{body,badarg}
2018-10-18 11:10:07 =ERROR REPORT====
{module,"leo_backend_db_eleveldb"},{function,"prefix_search/3"},{line,227},{body,badarg}
2018-10-18 11:10:07 =ERROR REPORT====
{module,"leo_backend_db_eleveldb"},{function,"prefix_search/3"},{line,227},{body,badarg}
2018-10-18 11:10:07 =ERROR REPORT====
{module,"leo_backend_db_eleveldb"},{function,"prefix_search/3"},{line,227},{body,badarg}
2018-10-18 11:10:07 =ERROR REPORT====
{module,"leo_backend_db_eleveldb"},{function,"prefix_search/3"},{line,227},{body,badarg}
2018-10-18 11:10:07 =ERROR REPORT====
{module,"leo_backend_db_eleveldb"},{function,"prefix_search/3"},{line,227},{body,badarg}
2018-10-18 11:10:07 =ERROR REPORT====
{module,"leo_backend_db_eleveldb"},{function,"prefix_search/3"},{line,227},{body,badarg}
2018-10-18 11:10:07 =ERROR REPORT====
{module,"leo_backend_db_eleveldb"},{function,"prefix_search/3"},{line,227},{body,badarg}
2018-10-18 11:10:07 =ERROR REPORT====
{module,"leo_backend_db_eleveldb"},{function,"prefix_search/3"},{line,227},{body,badarg}
2018-10-18 11:10:07 =ERROR REPORT====
{module,"leo_backend_db_eleveldb"},{function,"prefix_search/3"},{line,227},{body,badarg}
2018-10-18 11:10:07 =ERROR REPORT====
{module,"leo_backend_db_eleveldb"},{function,"prefix_search/3"},{line,227},{body,badarg}
2018-10-18 11:10:20 =ERROR REPORT====
Mnesia('storage_01@10.0.1.106'): ** ERROR ** (ignoring core) ** FATAL ** mnesia_monitor crashed: {timeout,{gen_server,call,[application_controller,which_applications]}} state: {state,<0.1339.0>,[],[],true,[],undefined,[],[]}
2018-10-18 11:10:20 =ERROR REPORT====
** gen_event handler mnesia_event crashed.
** Was installed in mnesia_event
** Last event was: {mnesia_system_event,{mnesia_fatal,"~p crashed: ~p state: ~p~n",[mnesia_monitor,{timeout,{gen_server,call,[application_controller,which_applications]}},{state,<0.1339.0>,[],[],true,[],undefined,[],[]}],<<131,108,0,0,0,24,104,2,100,0,9,99,114,97,115,104,105,110,102,111,104,2,107,0,26,126,112,32,99,114,97,115,104,101,100,58,32,126,112,32,115,116,97,116,101,58,32,126,112,126,110,108,0,0,0,3,100,0,14,109,110,101,115,105,97,95,109,111,110,105,116,111,114,104,2,100,0,7,116,105,109,101,111,117,116,104,3,100,0,10,103,101,110,95,115,101,114,118,101,114,100,0,4,99,97,108,108,108,0,0,0,2,100,0,22,97,112,112,108,105,99,97,116,105,111,110,95,99,111,110,116,114,111,108,108,101,114,100,0,18,119,104,105,99,104,95,97,112,112,108,105,99,97,116,105,111,110,115,106,104,9,100,0,5,115,116,97,116,101,103,100,0,21,115,116,111,114,97,103,101,95,48,49,64,49,48,46,48,46,49,46,49,48,54,0,0,5,59,0,0,0,0,2,106,106,100,0,4,116,114,117,101,106,100,0,9,117,110,100,101,102,105,110,101,100,106,106,106,104,2,100,0,4,116,105,109,101,104,2,104,3,98,0,0,7,226,97,10,97,18,104,3,97,11,97,10,97,20,104,2,100,0,4,115,101,108,102,108,0,0,0,19,104,2,100,0,18,99,117,114,114,101,110,116,95,115,116,97,99,107,116,114,97,99,101,108,0,0,0,6,104,4,100,0,10,109,110,101,115,105,97,95,108,105,98,100,0,13,112,114,111,99,95,100,98,103,95,105,110,102,111,97,1,108,0,0,0,2,104,2,100,0,4,102,105,108,101,107,0,14,109,110,101,115,105,97,95,108,105,98,46,101,114,108,104,2,100,0,4,108,105,110,101,98,0,0,3,30,106,104,4,100,0,10,109,110,101,115,105,97,95,108,105,98,100,0,6,109,107,99,111,114,101,97,1,108,0,0,0,2,104,2,100,0,4,102,105,108,101,107,0,14,109,110,101,115,105,97,95,108,105,98,46,101,114,108,104,2,100,0,4,108,105,110,101,98,0,0,2,170,106,104,4,100,0,10,109,110,101,115,105,97,95,108,105,98,100,0,5,102,97,116,97,108,97,2,108,0,0,0,2,104,2,100,0,4,102,105,108,101,107,0,14,109,110,101,115,105,97,95,108,105,98,46,101,114,108,104,2,100,0,4,108,105,110,101,98,0,0,3,199,106,104,4,100,0,10,103,101,110,95,115,101,114,118,101,114,100,0,13,116,114,121,95,116,101,114,109,105,110,97,116,101,97,3,108,0,0,0,2,104,2,100,0,4,102,105,108,101,107,0,14,103,101,110,95,115,101,114,118,101,114,46,101,114,108,104,2,100,0,4,108,105,110,101,98,0,0,2,117,106,104,4,100,0,10,103,101,110,95,115,101,114,118,101,114,100,0,9,116,101,114,109,105,110,97,116,101,97,7,108,0,0,0,2,104,2,100,0,4,102,105,108,101,107,0,14,103,101,110,95,115,101,114,118,101,114,46,101,114,108,104,2,100,0,4,108,105,110,101,98,0,0,3,27,106,104,4,100,0,8,112,114,111,99,95,108,105,98,100,0,15,105,110,105,116,95,112,95,100,111,95,97,112,112,108,121,97,3,108,0,0,0,2,104,2,100,0,4,102,105,108,101,107,0,12,112,114,111,99,95,108,105,98,46,101,114,108,104,2,100,0,4,108,105,110,101,97,247,106,106,104,2,100,0,15,114,101,103,105,115,116,101,114,101,100,95,110,97,109,101,100,0,14,109,110,101,115,105,97,95,109,111,110,105,116,111,114,104,2,100,0,16,99,117,114,114,101,110,116,95,102,117,110,99,116,105,111,110,104,3,100,0,10,109,110,101,115,105,97,95,108,105,98,100,0,13,112,114,111,99,95,100,98,103,95,105,110,102,111,97,1,104,2,100,0,12,105,110,105,116,105,97,108,95,99,97,108,108,104,3,100,0,8,112,114,111,99,95,108,105,98,100,0,6,105,110,105,116,95,112,97,5,104,2,100,0,6,115,116,97,116,117,115,100,0,7,114,117,110,110,105,110,103,104,2,100,0,17,109,101,115,115,97,103,101,95,113,117,101,117,101,95,108,101,110,97,0,104,2,100,0,8,109,101,115,115,97,103,101,115,106,104,2,100,0,5,108,105,110,107,115,108,0,0,0,1,103,100,0,21,115,116,111,114,97,103,101,95,48,49,64,49,48,46,48,46,49,46,49,48,54,0,0,5,59,0,0,0,0,2,106,104,2,100,0,10,100,105,99,116,105,111,110,97,114,121,108,0,0,0,2,104,2,100,0,13,36,105,110,105,116,105,97,108,95,99,97,108,108,104,3,100,0,14,109,110,101,115,105,97,95,109,111,110,105,116,111,114,100,0,4,105,110,105,116,97,1,104,2,100,0,10,36,97,110,99,101,115,116,111,114,115,108,0,0,0,3,100,0,17,109,110,101,115,105,97,95,107,101,114,110,101,108,95,115,117,112,100,0,10,109,110,101,115,105,97,95,115,117,112,103,100,0,21,115,116,111,114,97,103,101,95,48,49,64,49,48,46,48,46,49,46,49,48,54,0,0,5,53,0,0,0,0,2,106,106,104,2,100,0,9,116,114,97,112,95,101,120,105,116,100,0,4,116,114,117,101,104,2,100,0,13,101,114,114,111,114,95,104,97,110,100,108,101,114,100,0,13,101,114,114,111,114,95,104,97,110,100,108,101,114,104,2,100,0,8,112,114,105,111,114,105,116,121,100,0,6,110,111,114,109,97,108,104,2,100,0,12,103,114,111,117,112,95,108,101,97,100,101,114,103,100,0,21,115,116,111,114,97,103,101,95,48,49,64,49,48,46,48,46,49,46,49,48,54,0,0,5,52,0,0,0,0,2,104,2,100,0,15,116,111,116,97,108,95,104,101,97,112,95,115,105,122,101,98,0,0,3,219,104,2,100,0,9,104,101,97,112,95,115,105,122,101,98,0,0,3,219,104,2,100,0,10,115,116,97,99,107,95,115,105,122,101,97,46,104,2,100,0,10,114,101,100,117,99,116,105,111,110,115,98,0,0,20,89,104,2,100,0,18,103,97,114,98,97,103,101,95,99,111,108,108,101,99,116,105,111,110,108,0,0,0,5,104,2,100,0,13,109,97,120,95,104,101,97,112,95,115,105,122,101,116,0,0,0,3,100,0,12,101,114,114,111,114,95,108,111,103,103,101,114,100,0,4,116,114,117,101,100,0,4,107,105,108,108,100,0,4,116,114,117,101,100,0,4,115,105,122,101,97,0,104,2,100,0,18,109,105,110,95,98,105,110,95,118,104,101,97,112,95,115,105,122,101,98,0,0,181,86,104,2,100,0,13,109,105,110,95,104,101,97,112,95,115,105,122,101,97,233,104,2,100,0,15,102,117,108,108,115,119,101,101,112,95,97,102,116,101,114,97,0,104,2,100,0,9,109,105,110,111,114,95,103,99,115,97,0,106,104,2,100,0,10,115,117,115,112,101,110,100,105,110,103,106,106,104,2,100,0,5,110,111,100,101,115,104,2,108,0,0,0,2,104,2,100,0,21,115,116,111,114,97,103,101,95,48,49,64,49,48,46,48,46,49,46,49,48,54,103,100,0,21,115,116,111,114,97,103,101,95,48,49,64,49,48,46,48,46,49,46,49,48,54,0,0,39,71,0,0,0,0,2,104,2,100,0,21,115,116,111,114,97,103,101,95,48,52,64,49,48,46,48,46,49,46,49,48,57,103,100,0,21,115,116,111,114,97,103,101,95,48,52,64,49,48,46,48,46,49,46,49,48,57,0,0,10,77,0,0,6,52,1,106,106,104,2,100,0,12,97,112,112,108,105,99,97,116,105,111,110,115,108,0,0,0,35,104,3,100,0,4,98,101,97,114,107,0,40,65,32,115,101,116,32,111,102,32,115,116,97,116,105,115,116,105,99,115,32,102,117,110,99,116,105,111,110,115,32,102,111,114,32,101,114,108,97,110,103,107,0,5,48,46,56,46,50,104,3,100,0,7,98,105,116,99,97,115,107,106,107,0,5,50,46,48,46,51,104,3,100,0,8,99,111,109,112,105,108,101,114,107,0,16,69,82,84,83,32,32,67,88,67,32,49,51,56,32,49,48,107,0,5,55,46,48,46,52,104,3,100,0,6,99,114,121,112,116,111,107,0,6,67,82,89,80,84,79,107,0,5,51,46,55,46,51,104,3,100,0,5,101,108,97,114,109,107,0,13,65,108,97,114,109,32,77,97,110,97,103,101,114,107,0,5,48,46,51,46,48,104,3,100,0,8,101,108,101,118,101,108,100,98,106,107,0,6,50,46,48,46,51,55,104,3,100,0,5,101,117,110,105,116,107,0,5,69,85,110,105,116,107,0,5,50,46,51,46,50,104,3,100,0,6,102,111,108,115,111,109,107,0,27,69,114,108,97,110,103,32,98,97,115,101,100,32,109,101,116,114,105,99,115,32,115,121,115,116,101,109,107,0,5,48,46,56,46,50,104,3,100,0,8,103,111,108,100,114,117,115,104,107,0,29,69,114,108,97,110,103,32,101,118,101,110,116,32,115,116,114,101,97,109,32,112,114,111,99,101,115,115,111,114,107,0,5,48,46,49,46,57,104,3,100,0,5,106,105,102,102,121,107,0,21,74,83,79,78,32,68,101,99,111,100,101,114,47,69,110,99,111,100,101,114,46,107,0,6,48,46,49,52,46,56,104,3,100,0,6,107,101,114,110,101,108,107,0,16,69,82,84,83,32,32,67,88,67,32,49,51,56,32,49,48,107,0,3,53,46,50,104,3,100,0,5,108,97,103,101,114,107,0,24,69,114,108,97,110,103,32,108,111,103,103,105,110,103,32,102,114,97,109,101,119,111,114,107,107,0,5,51,46,53,46,48,104,3,100,0,14,108,101,111,95,98,97,99,107,101,110,100,95,100,98,107,0,14,76,101,111,32,66,97,99,107,101,110,100,32,100,98,107,0,6,49,46,50,46,51,48,104,3,100,0,11,108,101,111,95,99,111,109,109,111,110,115,107,0,11,76,101,111,32,67,111,109,109,111,110,115,107,0,5,49,46,50,46,48,104,3,100,0,10,108,101,111,95,108,111,103,103,101,114,107,0,10,76,101,111,32,76,111,103,103,101,114,107,0,5,49,46,51,46,55,104,3,100,0,6,108,101,111,95,109,113,107,0,6,76,101,111,32,77,81,107,0,6,49,46,53,46,49,56,104,3,100,0,18,108,101,111,95,111,98,106,101,99,116,95,115,116,111,114,97,103,101,107,0,18,76,101,111,32,79,98,106,101,99,116,32,83,116,111,114,97,103,101,107,0,6,49,46,51,46,51,54,104,3,100,0,16,108,101,111,95,111,114,100,110,105,110,103,95,114,101,100,97,107,0,18,76,101,111,32,111,114,100,110,105,110,103,32,38,32,114,101,100,97,107,0,6,49,46,50,46,49,48,104,3,100,0,7,108,101,111,95,112,111,100,107,0,36,108,101,111,95,112,111,100,32,109,97,110,97,103,101,115,32,119,111,114,107,101,114,32,112,114,111,99,101,115,115,32,112,111,111,108,115,107,0,5,48,46,54,46,57,104,3,100,0,21,108,101,111,95,114,101,100,117,110,100,97,110,116,95,109,97,110,97,103,101,114,107,0,22,76,101,111,32,82,101,100,117,110,100,97,110,116,32,77,97,110,97,101,103,101,114,107,0,6,49,46,57,46,54,50,104,3,100,0,7,108,101,111,95,114,112,99,107,0,15,108,101,111,32,114,112,99,32,108,105,98,114,97,114,121,107,0,7,48,46,49,48,46,49,55,104,3,100,0,14,108,101,111,95,115,116,97,116,105,115,116,105,99,115,107,0,29,76,101,111,32,83,116,97,116,105,115,116,105,99,115,32,108,105,98,32,102,111,114,32,69,114,108,97,110,103,107,0,6,49,46,49,46,50,50,104,3,100,0,11,108,101,111,95,115,116,111,114,97,103,101,107,0,18,76,69,79,32,83,116,111,114,97,103,101,32,83,101,114,118,101,114,107,0,5,49,46,52,46,50,104,3,100,0,12,108,101,111,95,119,97,116,99,104,100,111,103,107,0,41,108,101,111,95,119,97,116,99,104,100,111,103,32,107,101,101,112,32,109,111,110,105,116,111,114,105,110,103,32,97,112,112,108,105,99,97,116,105,111,110,115,107,0,5,49,46,48,46,54,104,3,100,0,6,109,110,101,115,105,97,107,0,18,77,78,69,83,73,65,32,32,67,88,67,32,49,51,56,32,49,50,107,0,6,52,46,49,52,46,51,104,3,100,0,6,111,115,95,109,111,110,107,0,15,67,80,79,32,32,67,88,67,32,49,51,56,32,52,54,107,0,5,50,46,52,46,50,104,3,100,0,5,114,101,99,111,110,107,0,35,68,105,97,103,110,111,115,116,105,99,32,116,111,111,108,115,32,102,111,114,32,112,114,111,100,117,99,116,105,111,110,32,117,115,101,107,0,5,50,46,51,46,49,104,3,100,0,13,114,117,110,116,105,109,101,95,116,111,111,108,115,107,0,13,82,85,78,84,73,77,69,95,84,79,79,76,83,107,0,6,49,46,49,49,46,49,104,3,100,0,4,115,97,115,108,107,0,16,83,65,83,76,32,32,67,88,67,32,49,51,56,32,49,49,107,0,5,51,46,48,46,51,104,3,100,0,15,115,97,118,97,110,110,97,95,99,111,109,109,111,110,115,107,0,24,83,97,118,97,110,110,97,39,115,32,99,111,109,109,111,110,32,108,105,98,114,97,114,121,107,0,7,48,46,49,48,46,49,49,104,3,100,0,9,115,100,95,110,111,116,105,102,121,107,0,20,69,114,108,97,110,103,32,115,100,95,110,111,116,105,102,121,32,78,73,70,107,0,3,103,105,116,104,3,100,0,4,115,110,109,112,107,0,16,83,78,77,80,32,32,67,88,67,32,49,51,56,32,49,51,107,0,5,53,46,50,46,53,104,3,100,0,6,115,116,100,108,105,98,107,0,16,69,82,84,83,32,32,67,88,67,32,49,51,56,32,49,48,107,0,3,51,46,51,104,3,100,0,12,115,121,110,116,97,120,95,116,111,111,108,115,107,0,12,83,121,110,116,97,120,32,116,111,111,108,115,107,0,5,50,46,49,46,49,104,3,100,0,5,116,111,111,108,115,107,0,20,68,69,86,84,79,79,76,83,32,32,67,88,67,32,49,51,56,32,49,54,107,0,5,50,46,57,46,49,106,104,2,100,0,5,102,108,97,103,115,108,0,0,0,11,104,2,100,0,4,114,111,111,116,108,0,0,0,1,107,0,34,47,117,115,114,47,108,111,99,97,108,47,108,101,111,102,115,47,49,46,52,46,50,47,108,101,111,95,115,116,111,114,97,103,101,106,104,2,100,0,8,112,114,111,103,110,97,109,101,108,0,0,0,1,107,0,11,108,101,111,95,115,116,111,114,97,103,101,106,104,2,100,0,4,104,111,109,101,108,0,0,0,1,107,0,16,47,117,115,114,47,108,111,99,97,108,47,108,101,111,102,115,106,104,2,100,0,5,104,101,97,114,116,106,104,2,100,0,4,98,111,111,116,108,0,0,0,1,107,0,57,47,117,115,114,47,108,111,99,97,108,47,108,101,111,102,115,47,49,46,52,46,50,47,108,101,111,95,115,116,111,114,97,103,101,47,114,101,108,101,97,115,101,115,47,49,47,108,101,111,95,115,116,111,114,97,103,101,106,104,2,100,0,4,109,111,100,101,108,0,0,0,1,107,0,7,109,105,110,105,109,97,108,106,104,2,100,0,6,99,111,110,102,105,103,108,0,0,0,1,107,0,49,47,117,115,114,47,108,111,99,97,108,47,108,101,111,102,115,47,49,46,52,46,50,47,108,101,111,95,115,116,111,114,97,103,101,47,101,116,99,47,97,112,112,46,99,111,110,102,105,103,106,104,2,100,0,6,99,111,110,102,105,103,108,0,0,0,1,107,0,39,46,47,115,110,109,112,47,115,110,109,112,97,95,115,116,111,114,97,103,101,95,48,47,108,101,111,95,115,116,111,114,97,103,101,95,115,110,109,112,106,104,2,100,0,3,115,109,112,108,0,0,0,1,107,0,6,101,110,97,98,108,101,106,104,2,100,0,9,115,101,116,99,111,111,107,105,101,108,0,0,0,1,107,0,8,52,48,49,51,50,49,98,52,106,104,2,100,0,4,110,97,109,101,108,0,0,0,1,107,0,21,115,116,111,114,97,103,101,95,48,49,64,49,48,46,48,46,49,46,49,48,54,106,106,104,2,100,0,9,99,111,100,101,95,112,97,116,104,108,0,0,0,36,107,0,1,46,107,0,54,47,117,115,114,47,108,111,99,97,108,47,108,101,111,102,115,47,49,46,52,46,50,47,108,101,111,95,115,116,111,114,97,103,101,47,108,105,98,47,107,101,114,110,101,108,45,53,46,50,47,101,98,105,110,107,0,54,47,117,115,114,47,108,111,99,97,108,47,108,101,111,102,115,47,49,46,52,46,50,47,108,101,111,95,115,116,111,114,97,103,101,47,108,105,98,47,115,116,100,108,105,98,45,51,46,51,47,101,98,105,110,107,0,54,47,117,115,114,47,108,111,99,97,108,47,108,101,111,102,115,47,49,46,52,46,50,47,108,101,111,95,115,116,111,114,97,103,101,47,108,105,98,47,115,97,115,108,45,51,46,48,46,51,47,101,98,105,110,107,0,56,47,117,115,114,47,108,111,99,97,108,47,108,101,111,102,115,47,49,46,52,46,50,47,108,101,111,95,115,116,111,114,97,103,101,47,108,105,98,47,111,115,95,109,111,110,45,50,46,52,46,50,47,101,98,105,110,107,0,56,47,117,115,114,47,108,111,99,97,108,47,108,101,111,102,115,47,49,46,52,46,50,47,108,101,111,95,115,116,111,114,97,103,101,47,108,105,98,47,99,114,121,112,116,111,45,51,46,55,46,51,47,101,98,105,110,107,0,61,47,117,115,114,47,108,111,99,97,108,47,108,101,111,102,115,47,49,46,52,46,50,47,108,101,111,95,115,116,111,114,97,103,101,47,108,105,98,47,108,101,111,95,115,116,111,114,97,103,101,45,49,46,52,46,50,47,101,98,105,110,107,0,54,47,117,115,114,47,108,111,99,97,108,47,108,101,111,102,115,47,49,46,52,46,50,47,108,101,111,95,115,116,111,114,97,103,101,47,108,105,98,47,98,101,97,114,45,48,46,56,46,50,47,101,98,105,110,107,0,57,47,117,115,114,47,108,111,99,97,108,47,108,101,111,102,115,47,49,46,52,46,50,47,108,101,111,95,115,116,111,114,97,103,101,47,108,105,98,47,98,105,116,99,97,115,107,45,50,46,48,46,51,47,101,98,105,110,107,0,58,47,117,115,114,47,108,111,99,97,108,47,108,101,111,102,115,47,49,46,52,46,50,47,108,101,111,95,115,116,111,114,97,103,101,47,108,105,98,47,99,111,109,112,105,108,101,114,45,55,46,48,46,52,47,101,98,105,110,107,0,55,47,117,115,114,47,108,111,99,97,108,47,108,101,111,102,115,47,49,46,52,46,50,47,108,101,111,95,115,116,111,114,97,103,101,47,108,105,98,47,101,108,97,114,109,45,48,46,51,46,48,47,101,98,105,110,107,0,59,47,117,115,114,47,108,111,99,97,108,47,108,101,111,102,115,47,49,46,52,46,50,47,108,101,111,95,115,116,111,114,97,103,101,47,108,105,98,47,101,108,101,118,101,108,100,98,45,50,46,48,46,51,55,47,101,98,105,110,107,0,55,47,117,115,114,47,108,111,99,97,108,47,108,101,111,102,115,47,49,46,52,46,50,47,108,101,111,95,115,116,111,114,97,103,101,47,108,105,98,47,101,117,110,105,116,45,50,46,51,46,50,47,101,98,105,110,107,0,56,47,117,115,114,47,108,111,99,97,108,47,108,101,111,102,115,47,49,46,52,46,50,47,108,101,111,95,115,116,111,114,97,103,101,47,108,105,98,47,102,111,108,115,111,109,45,48,46,56,46,50,47,101,98,105,110,107,0,62,47,117,115,114,47,108,111,99,97,108,47,108,101,111,102,115,47,49,46,52,46,50,47,108,101,111,95,115,116,111,114,97,103,101,47,108,105,98,47,115,121,110,116,97,120,95,116,111,111,108,115,45,50,46,49,46,49,47,101,98,105,110,107,0,58,47,117,115,114,47,108,111,99,97,108,47,108,101,111,102,115,47,49,46,52,46,50,47,108,101,111,95,115,116,111,114,97,103,101,47,108,105,98,47,103,111,108,100,114,117,115,104,45,48,46,49,46,57,47,101,98,105,110,107,0,56,47,117,115,114,47,108,111,99,97,108,47,108,101,111,102,115,47,49,46,52,46,50,47,108,101,111,95,115,116,111,114,97,103,101,47,108,105,98,47,106,105,102,102,121,45,48,46,49,52,46,56,47,101,98,105,110,107,0,55,47,117,115,114,47,108,111,99,97,108,47,108,101,111,102,115,47,49,46,52,46,50,47,108,101,111,95,115,116,111,114,97,103,101,47,108,105,98,47,108,97,103,101,114,45,51,46,53,46,48,47,101,98,105,110,107,0,65,47,117,115,114,47,108,111,99,97,108,47,108,101,111,102,115,47,49,46,52,46,50,47,108,101,111,95,115,116,111,114,97,103,101,47,108,105,98,47,108,101,111,95,98,97,99,107,101,110,100,95,100,98,45,49,46,50,46,51,48,47,101,98,105,110,107,0,61,47,117,115,114,47,108,111,99,97,108,47,108,101,111,102,115,47,49,46,52,46,50,47,108,101,111,95,115,116,111,114,97,103,101,47,108,105,98,47,108,101,111,95,99,111,109,109,111,110,115,45,49,46,50,46,48,47,101,98,105,110,107,0,60,47,117,115,114,47,108,111,99,97,108,47,108,101,111,102,115,47,49,46,52,46,50,47,108,101,111,95,115,116,111,114,97,103,101,47,108,105,98,47,108,101,111,95,108,111,103,103,101,114,45,49,46,51,46,55,47,101,98,105,110,107,0,57,47,117,115,114,47,108,111,99,97,108,47,108,101,111,102,115,47,49,46,52,46,50,47,108,101,111,95,115,116,111,114,97,103,101,47,108,105,98,47,108,101,111,95,109,113,45,49,46,53,46,49,56,47,101,98,105,110,107,0,69,47,117,115,114,47,108,111,99,97,108,47,108,101,111,102,115,47,49,46,52,46,50,47,108,101,111,95,115,116,111,114,97,103,101,47,108,105,98,47,108,101,111,95,111,98,106,101,99,116,95,115,116,111,114,97,103,101,45,49,46,51,46,51,54,47,101,98,105,110,107,0,67,47,117,115,114,47,108,111,99,97,108,47,108,101,111,102,115,47,49,46,52,46,50,47,108,101,111,95,115,116,111,114,97,103,101,47,108,105,98,47,108,101,111,95,111,114,100,110,105,110,103,95,114,101,100,97,45,49,46,50,46,49,48,47,101,98,105,110,107,0,57,47,117,115,114,47,108,111,99,97,108,47,108,101,111,102,115,47,49,46,52,46,50,47,108,101,111,95,115,116,111,114,97,103,101,47,108,105,98,47,108,101,111,95,112,111,100,45,48,46,54,46,57,47,101,98,105,110,107,0,72,47,117,115,114,47,108,111,99,97,108,47,108,101,111,102,115,47,49,46,52,46,50,47,108,101,111,95,115,116,111,114,97,103,101,47,108,105,98,47,108,101,111,95,114,101,100,117,110,100,97,110,116,95,109,97,110,97,103,101,114,45,49,46,57,46,54,50,47,101,98,105,110,107,0,59,47,117,115,114,47,108,111,99,97,108,47,108,101,111,102,115,47,49,46,52,46,50,47,108,101,111,95,115,116,111,114,97,103,101,47,108,105,98,47,108,101,111,95,114,112,99,45,48,46,49,48,46,49,55,47,101,98,105,110,107,0,65,47,117,115,114,47,108,111,99,97,108,47,108,101,111,102,115,47,49,46,52,46,50,47,108,101,111,95,115,116,111,114,97,103,101,47,108,105,98,47,108,101,111,95,115,116,97,116,105,115,116,105,99,115,45,49,46,49,46,50,50,47,101,98,105,110,107,0,62,47,117,115,114,47,108,111,99,97,108,47,108,101,111,102,115,47,49,46,52,46,50,47,108,101,111,95,115,116,111,114,97,103,101,47,108,105,98,47,108,101,111,95,119,97,116,99,104,100,111,103,45,49,46,48,46,54,47,101,98,105,110,107,0,57,47,117,115,114,47,108,111,99,97,108,47,108,101,111,102,115,47,49,46,52,46,50,47,108,101,111,95,115,116,111,114,97,103,101,47,108,105,98,47,109,110,101,115,105,97,45,52,46,49,52,46,51,47,101,98,105,110,107,0,55,47,117,115,114,47,108,111,99,97,108,47,108,101,111,102,115,47,49,46,52,46,50,47,108,101,111,95,115,116,111,114,97,103,101,47,108,105,98,47,114,101,99,111,110,45,50,46,51,46,49,47,101,98,105,110,107,0,64,47,117,115,114,47,108,111,99,97,108,47,108,101,111,102,115,47,49,46,52,46,50,47,108,101,111,95,115,116,111,114,97,103,101,47,108,105,98,47,114,117,110,116,105,109,101,95,116,111,111,108,115,45,49,46,49,49,46,49,47,101,98,105,110,107,0,67,47,117,115,114,47,108,111,99,97,108,47,108,101,111,102,115,47,49,46,52,46,50,47,108,101,111,95,115,116,111,114,97,103,101,47,108,105,98,47,115,97,118,97,110,110,97,95,99,111,109,109,111,110,115,45,48,46,49,48,46,49,49,47,101,98,105,110,107,0,57,47,117,115,114,47,108,111,99,97,108,47,108,101,111,102,115,47,49,46,52,46,50,47,108,101,111,95,115,116,111,114,97,103,101,47,108,105,98,47,115,100,95,110,111,116,105,102,121,45,103,105,116,47,101,98,105,110,107,0,54,47,117,115,114,47,108,111,99,97,108,47,108,101,111,102,115,47,49,46,52,46,50,47,108,101,111,95,115,116,111,114,97,103,101,47,108,105,98,47,115,110,109,112,45,53,46,50,46,53,47,101,98,105,110,107,0,55,47,117,115,114,47,108,111,99,97,108,47,108,101,111,102,115,47,49,46,52,46,50,47,108,101,111,95,115,116,111,114,97,103,101,47,108,105,98,47,116,111,111,108,115,45,50,46,57,46,49,47,101,98,105,110,106,104,2,100,0,11,99,111,100,101,95,108,111,97,100,101,100,108,0,0,1,100,104,2,100,0,13,97,108,97,114,109,95,104,97,110,100,108,101,114,107,0,73,47,117,115,114,47,108,111,99,97,108,47,108,101,111,102,115,47,49,46,52,46,50,47,108,101,111,95,115,116,111,114,97,103,101,47,108,105,98,47,115,97,115,108,45,51,46,48,46,51,47,101,98,105,110,47,97,108,97,114,109,95,104,97,110,100,108,101,114,46,98,101,97,109,104,2,100,0,11,97,112,112,108,105,99,97,116,105,111,110,107,0,71,47,117,115,114,47,108,111,99,97,108,47,108,101,111,102,115,47,49,46,52,46,50,47,108,101,111,95,115,116,111,114,97,103,101,47,108,105,98,47,107,101,114,110,101,108,45,53,46,50,47,101,98,105,110,47,97,112,112,108,105,99,97,116,105,111,110,46,98,101,97,109,104,2,100,0,22,97,112,112,108,105,99,97,116,105,111,110,95,99,111,110,116,114,111,108,108,101,114,107,0,82,47,117,115,114,47,108,111,99,97,108,47,108,101,111,102,115,47,49,46,52,46,50,47,108,101,111,95,115,116,111,114,97,103,101,47,108,105,98,47,107,101,114,110,101,108,45,53,46,50,47,101,98,105,110,47,97,112,112,108,105,99,97,116,105,111,110,95,99,111,110,116,114,111,108,108,101,114,46,98,101,97,109,104,2,100,0,18,97,112,112,108,105,99,97,116,105,111,110,95,109,97,115,116,101,114,107,0,78,47,117,115,114,47,108,111,99,97,108,47,108,101,111,102,115,47,49,46,52,46,50,47,108,101,111,95,115,116,111,114,97,103,101,47,108,105,98,47,107,101,114,110,101,108,45,53,46,50,47,101,98,105,110,47,97,112,112,108,105,99,97,116,105,111,110,95,109,97,115,116,101,114,...>>}}
** When handler state == {state,[],false,[]}
** Reason == {badarg,[{ets,lookup,[global_names,mnesia_global_logger],[]},{global,where,1,[{file,"global.erl"},{line,1232}]},{mnesia_event,report_error,2,[{file,"mnesia_event.erl"},{line,220}]},{mnesia_event,handle_system_event,2,[{file,"mnesia_event.erl"},{line,174}]},{gen_event,server_update,4,[{file,"gen_event.erl"},{line,533}]},{gen_event,server_notify,4,[{file,"gen_event.erl"},{line,515}]},{gen_event,handle_msg,5,[{file,"gen_event.erl"},{line,256}]},{proc_lib,init_p_do_apply,3,[{file,"proc_lib.erl"},{line,247}]}]}
2018-10-18 11:10:30 =CRASH REPORT====
  crasher:
    initial call: gen_event:init_it/6
    pid: <0.1336.0>
    registered_name: mnesia_event
    exception exit: {killed,[{gen_event,terminate_server,4,[{file,"gen_event.erl"},{line,310}]},{proc_lib,init_p_do_apply,3,[{file,"proc_lib.erl"},{line,247}]}]}
    ancestors: [mnesia_sup,<0.1333.0>]
    messages: []
    links: []
    dictionary: []
    trap_exit: true
    status: running
    heap_size: 376
    stack_size: 27
    reductions: 258
  neighbours:
2018-10-18 11:10:30 =CRASH REPORT====
  crasher:
    initial call: application_master:init/4
    pid: <0.1332.0>
    registered_name: []
    exception exit: {killed,[{application_master,terminate,2,[{file,"application_master.erl"},{line,228}]},{proc_lib,init_p_do_apply,3,[{file,"proc_lib.erl"},{line,247}]}]}
    ancestors: [<0.1331.0>]
    messages: []
    links: [<0.9.0>]
    dictionary: []
    trap_exit: true
    status: running
    heap_size: 4185
    stack_size: 27
    reductions: 44907
  neighbours:
2018-10-18 11:10:37 =ERROR REPORT====
{module,"leo_backend_db_eleveldb"},{function,"prefix_search/3"},{line,227},{body,{shutdown,{gen_server,call,[leo_redundant_manager_worker,{lookup,leo_ring_cur,18455650124812924138483715822304026107},30000]}}}
2018-10-18 12:03:51 =ERROR REPORT====
{module,"leo_object_storage_haystack"},{function,"put_fun_3/5"},{line,839},{body,{timeout,{gen_server,call,[leo_metadata_30004,{put,<<"xz-img-01/13,0,2,22644,1,1,32f6f97f.jpg">>,<<131,104,22,100,0,10,109,101,116,97,100,97,116,97,95,51,109,0,0,0,39,120,122,45,105,109,103,45,48,49,47,49,51,44,48,44,50,44,50,50,54,52,52,44,49,44,49,44,51,50,102,54,102,57,55,102,46,106,112,103,110,16,0,55,136,38,63,137,85,139,122,15,180,144,210,253,251,189,204,97,39,98,0,0,1,26,109,0,0,0,0,97,0,97,0,97,0,97,0,110,5,0,53,253,49,199,13,110,7,0,128,31,179,175,85,120,5,110,5,0,202,51,58,213,14,110,16,0,205,145,167,168,219,250,79,252,238,65,21,148,104,209,62,36,98,32,162,191,123,100,0,9,117,110,100,101,102,105,110,101,100,97,0,97,0,97,0,97,0,97,0,97,0>>},30000]}}}
2018-10-18 12:15:18 =ERROR REPORT====
{module,"leo_object_storage_haystack"},{function,"put_fun_3/5"},{line,839},{body,{timeout,{gen_server,call,[leo_metadata_20004,{put,<<"xz-img-01/14,0,7,15211,1,1,41ed1527.jpg">>,<<131,104,22,100,0,10,109,101,116,97,100,97,116,97,95,51,109,0,0,0,39,120,122,45,105,109,103,45,48,49,47,49,52,44,48,44,55,44,49,53,50,49,49,44,49,44,49,44,52,49,101,100,49,53,50,55,46,106,112,103,110,16,0,188,54,36,77,13,124,94,58,149,80,96,153,11,149,172,48,97,39,98,0,0,1,26,109,0,0,0,0,97,0,97,0,97,0,97,0,110,5,0,232,40,211,178,13,110,7,0,69,33,207,99,53,117,5,110,5,0,11,193,5,213,14,110,16,0,205,145,167,168,219,250,79,252,238,65,21,148,104,209,62,36,98,32,162,191,123,100,0,9,117,110,100,101,102,105,110,101,100,97,0,97,0,97,0,97,0,97,0,97,0>>},30000]}}}
2018-10-18 12:26:15 =ERROR REPORT====
{module,"leo_object_storage_haystack"},{function,"put_fun_3/5"},{line,839},{body,{timeout,{gen_server,call,[leo_metadata_40000,{put,<<"xz-img-01/14,0,9,16516,1,1,a15aba7d.jpg">>,<<131,104,22,100,0,10,109,101,116,97,100,97,116,97,95,51,109,0,0,0,39,120,122,45,105,109,103,45,48,49,47,49,52,44,48,44,57,44,49,54,53,49,54,44,49,44,49,44,97,49,53,97,98,97,55,100,46,106,112,103,110,16,0,72,165,106,61,200,32,249,204,236,8,139,232,214,150,102,99,97,39,98,0,0,1,26,109,0,0,0,0,97,0,97,0,97,0,97,0,110,5,0,237,197,137,151,13,110,7,0,79,82,132,120,54,117,5,110,5,0,46,211,5,213,14,110,16,0,205,145,167,168,219,250,79,252,238,65,21,148,104,209,62,36,98,32,162,191,123,100,0,9,117,110,100,101,102,105,110,101,100,97,0,97,0,97,0,97,0,97,0,97,0>>},30000]}}}
2018-10-18 12:29:03 =ERROR REPORT====
{module,"leo_object_storage_haystack"},{function,"put_fun_3/5"},{line,839},{body,{timeout,{gen_server,call,[leo_metadata_50006,{put,<<"xz-img-01/14,0,8,15623,1,1,ba582a74.jpg">>,<<131,104,22,100,0,10,109,101,116,97,100,97,116,97,95,51,109,0,0,0,39,120,122,45,105,109,103,45,48,49,47,49,52,44,48,44,56,44,49,53,54,50,51,44,49,44,49,44,98,97,53,56,50,97,55,52,46,106,112,103,110,16,0,177,75,95,83,31,60,54,224,195,91,173,20,212,37,1,25,97,39,98,0,0,1,26,109,0,0,0,0,97,0,97,0,97,0,97,0,110,5,0,140,126,234,194,13,110,7,0,253,132,184,236,53,117,5,110,5,0,4,202,5,213,14,110,16,0,205,145,167,168,219,250,79,252,238,65,21,148,104,209,62,36,98,32,162,191,123,100,0,9,117,110,100,101,102,105,110,101,100,97,0,97,0,97,0,97,0,97,0,97,0>>},30000]}}}
2018-10-18 12:32:47 =ERROR REPORT====
{module,"leo_object_storage_haystack"},{function,"put_fun_3/5"},{line,839},{body,{timeout,{gen_server,call,[leo_metadata_7,{put,<<"xz-img-01/15,0,51,7588,1,1,fcf5f8f7.jpg">>,<<131,104,22,100,0,10,109,101,116,97,100,97,116,97,95,51,109,0,0,0,39,120,122,45,105,109,103,45,48,49,47,49,53,44,48,44,53,49,44,55,53,56,56,44,49,44,49,44,102,99,102,53,102,56,102,55,46,106,112,103,110,16,0,192,185,169,50,110,25,71,30,167,38,224,198,39,188,13,22,97,39,98,0,0,1,26,109,0,0,0,0,97,0,97,0,97,0,97,0,110,5,0,2,242,143,200,13,110,7,0,100,214,155,147,78,117,5,110,5,0,155,103,7,213,14,110,16,0,205,145,167,168,219,250,79,252,238,65,21,148,104,209,62,36,98,32,162,191,123,100,0,9,117,110,100,101,102,105,110,101,100,97,0,97,0,97,0,97,0,97,0,97,0>>},30000]}}}
2018-10-18 12:34:38 =ERROR REPORT====
{module,"leo_object_storage_haystack"},{function,"put_fun_3/5"},{line,839},{body,{timeout,{gen_server,call,[leo_metadata_5,{put,<<"xz-img-01/15,0,42,3607,1,1,195d6bda.jpg">>,<<131,104,22,100,0,10,109,101,116,97,100,97,116,97,95,51,109,0,0,0,39,120,122,45,105,109,103,45,48,49,47,49,53,44,48,44,52,50,44,51,54,48,55,44,49,44,49,44,49,57,53,100,54,98,100,97,46,106,112,103,110,16,0,120,91,203,111,123,194,235,83,2,96,212,48,148,58,253,152,97,39,98,0,0,1,26,109,0,0,0,0,97,0,97,0,97,0,97,0,110,5,0,233,52,131,201,13,110,7,0,254,30,235,111,73,117,5,110,5,0,98,17,7,213,14,110,16,0,205,145,167,168,219,250,79,252,238,65,21,148,104,209,62,36,98,32,162,191,123,100,0,9,117,110,100,101,102,105,110,101,100,97,0,97,0,97,0,97,0,97,0,97,0>>},30000]}}}
2018-10-18 12:35:36 =ERROR REPORT====
{module,"leo_object_storage_haystack"},{function,"put_fun_3/5"},{line,839},{body,{timeout,{gen_server,call,[leo_metadata_6,{put,<<"xz-img-01/15,0,36,7891,1,1,f9bca855.jpg">>,<<131,104,22,100,0,10,109,101,116,97,100,97,116,97,95,51,109,0,0,0,39,120,122,45,105,109,103,45,48,49,47,49,53,44,48,44,51,54,44,55,56,57,49,44,49,44,49,44,102,57,98,99,97,56,53,53,46,106,112,103,110,16,0,123,21,194,102,220,97,106,15,215,171,67,167,228,228,55,21,97,39,98,0,0,1,26,109,0,0,0,0,97,0,97,0,97,0,97,0,110,5,0,9,144,119,156,13,110,7,0,111,101,248,249,69,117,5,110,5,0,82,215,6,213,14,110,16,0,205,145,167,168,219,250,79,252,238,65,21,148,104,209,62,36,98,32,162,191,123,100,0,9,117,110,100,101,102,105,110,101,100,97,0,97,0,97,0,97,0,97,0,97,0>>},30000]}}}
2018-10-18 12:56:20 =ERROR REPORT====
{module,"leo_object_storage_haystack"},{function,"put_fun_3/5"},{line,839},{body,{timeout,{gen_server,call,[leo_metadata_40001,{put,<<"xz-img-01/14,0,10,16241,1,1,b583ccac.jpg">>,<<131,104,22,100,0,10,109,101,116,97,100,97,116,97,95,51,109,0,0,0,40,120,122,45,105,109,103,45,48,49,47,49,52,44,48,44,49,48,44,49,54,50,52,49,44,49,44,49,44,98,53,56,51,99,99,97,99,46,106,112,103,110,16,0,2,3,181,150,143,28,250,96,246,7,173,129,90,181,46,218,97,40,98,0,0,1,26,109,0,0,0,0,97,0,97,0,97,0,97,0,110,5,0,138,111,68,163,13,110,7,0,124,20,248,254,54,117,5,110,5,0,253,219,5,213,14,110,16,0,205,145,167,168,219,250,79,252,238,65,21,148,104,209,62,36,98,32,162,191,123,100,0,9,117,110,100,101,102,105,110,101,100,97,0,97,0,97,0,97,0,97,0,97,0>>},30000]}}}
2018-10-18 13:09:26 =ERROR REPORT====
{module,"leo_object_storage_haystack"},{function,"put_fun_3/5"},{line,839},{body,{timeout,{gen_server,call,[leo_metadata_40004,{put,<<"xz-img-01/14,0,20,29006,1,1,82e2548a.jpg">>,<<131,104,22,100,0,10,109,101,116,97,100,97,116,97,95,51,109,0,0,0,40,120,122,45,105,109,103,45,48,49,47,49,52,44,48,44,50,48,44,50,57,48,48,54,44,49,44,49,44,56,50,101,50,53,52,56,97,46,106,112,103,110,16,0,93,76,19,44,241,127,177,168,140,88,142,249,16,68,20,22,97,40,98,0,0,1,26,109,0,0,0,0,97,0,97,0,97,0,97,0,110,5,0,34,7,136,183,13,110,7,0,194,182,176,117,60,117,5,110,5,0,168,55,6,213,14,110,16,0,205,145,167,168,219,250,79,252,238,65,21,148,104,209,62,36,98,32,162,191,123,100,0,9,117,110,100,101,102,105,110,101,100,97,0,97,0,97,0,97,0,97,0,97,0>>},30000]}}}
2018-10-18 13:10:38 =ERROR REPORT====
{module,"leo_object_storage_haystack"},{function,"put_fun_3/5"},{line,839},{body,{timeout,{gen_server,call,[leo_metadata_0,{put,<<"xz-img-01/14,0,18,16295,1,1,ce54116c.jpg">>,<<131,104,22,100,0,10,109,101,116,97,100,97,116,97,95,51,109,0,0,0,40,120,122,45,105,109,103,45,48,49,47,49,52,44,48,44,49,56,44,49,54,50,57,53,44,49,44,49,44,99,101,53,52,49,49,54,99,46,106,112,103,110,16,0,66,96,194,111,162,102,168,4,32,62,130,152,42,108,127,90,97,40,98,0,0,1,26,109,0,0,0,0,97,0,97,0,97,0,97,0,110,5,0,149,230,74,165,13,110,7,0,132,65,245,43,59,117,5,110,5,0,12,34,6,213,14,110,16,0,205,145,167,168,219,250,79,252,238,65,21,148,104,209,62,36,98,32,162,191,123,100,0,9,117,110,100,101,102,105,110,101,100,97,0,97,0,97,0,97,0,97,0,97,0>>},30000]}}}
2018-10-18 13:18:39 =ERROR REPORT====
{module,"leo_object_storage_haystack"},{function,"put_fun_3/5"},{line,839},{body,{timeout,{gen_server,call,[leo_metadata_3,{put,<<"xz-img-01/14,0,22,16265,1,1,4f5f363a.jpg">>,<<131,104,22,100,0,10,109,101,116,97,100,97,116,97,95,51,109,0,0,0,40,120,122,45,105,109,103,45,48,49,47,49,52,44,48,44,50,50,44,49,54,50,54,53,44,49,44,49,44,52,102,53,102,51,54,51,97,46,106,112,103,110,16,0,162,158,205,240,153,38,226,58,247,90,222,127,140,184,132,77,97,40,98,0,0,1,26,109,0,0,0,0,97,0,97,0,97,0,97,0,110,5,0,144,160,15,183,13,110,7,0,236,49,229,65,61,117,5,110,5,0,10,69,6,213,14,110,16,0,205,145,167,168,219,250,79,252,238,65,21,148,104,209,62,36,98,32,162,191,123,100,0,9,117,110,100,101,102,105,110,101,100,97,0,97,0,97,0,97,0,97,0,97,0>>},30000]}}}
2018-10-18 13:21:54 =ERROR REPORT====
{module,"leo_object_storage_haystack"},{function,"put_fun_3/5"},{line,839},{body,{timeout,{gen_server,call,[leo_metadata_2,{put,<<"xz-img-01/14,0,39,15602,1,1,3a701687.jpg">>,<<131,104,22,100,0,10,109,101,116,97,100,97,116,97,95,51,109,0,0,0,40,120,122,45,105,109,103,45,48,49,47,49,52,44,48,44,51,57,44,49,53,54,48,50,44,49,44,49,44,51,97,55,48,49,54,56,55,46,106,112,103,110,16,0,36,171,225,102,0,154,162,145,168,58,170,33,218,62,187,162,97,40,98,0,0,1,26,109,0,0,0,0,97,0,97,0,97,0,97,0,110,5,0,120,205,51,156,13,110,7,0,8,159,236,96,70,117,5,110,5,0,17,222,6,213,14,110,16,0,205,145,167,168,219,250,79,252,238,65,21,148,104,209,62,36,98,32,162,191,123,100,0,9,117,110,100,101,102,105,110,101,100,97,0,97,0,97,0,97,0,97,0,97,0>>},30000]}}}
2018-10-18 13:28:06 =ERROR REPORT====
{module,"leo_object_storage_haystack"},{function,"put_fun_3/5"},{line,839},{body,{timeout,{gen_server,call,[leo_metadata_20003,{put,<<"xz-img-01/14,0,31,15984,1,1,cededfa6.jpg">>,<<131,104,22,100,0,10,109,101,116,97,100,97,116,97,95,51,109,0,0,0,40,120,122,45,105,109,103,45,48,49,47,49,52,44,48,44,51,49,44,49,53,57,56,52,44,49,44,49,44,99,101,100,101,100,102,97,54,46,106,112,103,110,16,0,103,114,79,63,122,52,252,4,164,17,85,104,235,198,213,213,97,40,98,0,0,1,26,109,0,0,0,0,97,0,97,0,97,0,97,0,110,5,0,136,58,76,170,13,110,7,0,198,29,195,25,66,117,5,110,5,0,76,150,6,213,14,110,16,0,205,145,167,168,219,250,79,252,238,65,21,148,104,209,62,36,98,32,162,191,123,100,0,9,117,110,100,101,102,105,110,101,100,97,0,97,0,97,0,97,0,97,0,97,0>>},30000]}}}
2018-10-18 13:32:54 =ERROR REPORT====
{module,"leo_object_storage_haystack"},{function,"put_fun_3/5"},{line,839},{body,{timeout,{gen_server,call,[leo_metadata_30003,{put,<<"xz-img-01/14,0,55,5,414,414,51ffaec3.jpg">>,<<131,104,22,100,0,10,109,101,116,97,100,97,116,97,95,51,109,0,0,0,40,120,122,45,105,109,103,45,48,49,47,49,52,44,48,44,53,53,44,53,44,52,49,52,44,52,49,52,44,53,49,102,102,97,101,99,51,46,106,112,103,110,16,0,151,26,34,235,107,15,28,108,16,147,108,221,244,196,217,96,97,40,98,0,2,82,143,109,0,0,0,0,97,0,97,0,97,0,97,0,110,5,0,202,69,168,188,13,110,7,0,143,26,254,149,78,117,5,110,5,0,195,103,7,213,14,110,16,0,99,205,195,31,15,63,209,225,150,134,44,119,68,108,23,198,98,32,162,191,123,100,0,9,117,110,100,101,102,105,110,101,100,97,0,97,0,97,0,97,0,97,0,97,0>>},30000]}}}
2018-10-18 13:34:40 =ERROR REPORT====
{module,"leo_object_storage_haystack"},{function,"put_fun_3/5"},{line,839},{body,{timeout,{gen_server,call,[leo_metadata_20000,{put,<<"xz-img-01/14,0,53,16184,1,1,6c5b7bb9.jpg">>,<<131,104,22,100,0,10,109,101,116,97,100,97,116,97,95,51,109,0,0,0,40,120,122,45,105,109,103,45,48,49,47,49,52,44,48,44,53,51,44,49,54,49,56,52,44,49,44,49,44,54,99,53,98,55,98,98,57,46,106,112,103,110,16,0,141,85,200,55,129,19,123,199,17,8,14,49,12,84,222,169,97,40,98,0,0,1,26,109,0,0,0,0,97,0,97,0,97,0,97,0,110,5,0,9,226,220,195,13,110,7,0,36,227,74,213,77,117,5,110,5,0,34,91,7,213,14,110,16,0,205,145,167,168,219,250,79,252,238,65,21,148,104,209,62,36,98,32,162,191,123,100,0,9,117,110,100,101,102,105,110,101,100,97,0,97,0,97,0,97,0,97,0,97,0>>},30000]}}}
2018-10-18 13:39:23 =ERROR REPORT====
{module,"leo_object_storage_haystack"},{function,"put_fun_3/5"},{line,839},{body,{timeout,{gen_server,call,[leo_metadata_10007,{put,<<"xz-img-01/14,0,66,15456,1,1,44b46659.jpg">>,<<131,104,22,100,0,10,109,101,116,97,100,97,116,97,95,51,109,0,0,0,40,120,122,45,105,109,103,45,48,49,47,49,52,44,48,44,54,54,44,49,53,52,53,54,44,49,44,49,44,52,52,98,52,54,54,53,57,46,106,112,103,110,16,0,51,249,101,88,206,19,161,129,204,211,115,14,64,61,218,96,97,40,98,0,0,1,26,109,0,0,0,0,97,0,97,0,97,0,97,0,110,5,0,153,46,95,210,13,110,7,0,162,147,244,167,84,117,5,110,5,0,155,205,7,213,14,110,16,0,205,145,167,168,219,250,79,252,238,65,21,148,104,209,62,36,98,32,162,191,123,100,0,9,117,110,100,101,102,105,110,101,100,97,0,97,0,97,0,97,0,97,0,97,0>>},30000]}}}
2018-10-18 13:43:06 =ERROR REPORT====
{module,"leo_object_storage_haystack"},{function,"put_fun_3/5"},{line,839},{body,{timeout,{gen_server,call,[leo_metadata_10002,{put,<<"xz-img-01/14,0,52,13770,1,1,baf1c7d7.jpg">>,<<131,104,22,100,0,10,109,101,116,97,100,97,116,97,95,51,109,0,0,0,40,120,122,45,105,109,103,45,48,49,47,49,52,44,48,44,53,50,44,49,51,55,55,48,44,49,44,49,44,98,97,102,49,99,55,100,55,46,106,112,103,110,16,0,118,51,39,183,25,89,83,142,106,115,243,231,76,158,70,99,97,40,98,0,0,1,26,109,0,0,0,0,97,0,97,0,97,0,97,0,110,5,0,174,54,43,169,13,110,7,0,53,30,70,77,77,117,5,110,5,0,56,82,7,213,14,110,16,0,205,145,167,168,219,250,79,252,238,65,21,148,104,209,62,36,98,32,162,191,123,100,0,9,117,110,100,101,102,105,110,101,100,97,0,97,0,97,0,97,0,97,0,97,0>>},30000]}}}
2018-10-18 13:55:14 =ERROR REPORT====
{module,"leo_object_storage_haystack"},{function,"put_fun_3/5"},{line,839},{body,{timeout,{gen_server,call,[leo_metadata_10000,{put,<<"xz-img-01/14,0,96,15166,1,1,0addeeb4.jpg">>,<<131,104,22,100,0,10,109,101,116,97,100,97,116,97,95,51,109,0,0,0,40,120,122,45,105,109,103,45,48,49,47,49,52,44,48,44,57,54,44,49,53,49,54,54,44,49,44,49,44,48,97,100,100,101,101,98,52,46,106,112,103,110,16,0,32,111,25,5,227,49,149,223,135,153,92,219,193,226,159,223,97,40,98,0,0,1,26,109,0,0,0,0,97,0,97,0,97,0,97,0,110,5,0,100,24,214,187,13,110,7,0,37,12,10,126,100,117,5,110,5,0,75,215,8,213,14,110,16,0,205,145,167,168,219,250,79,252,238,65,21,148,104,209,62,36,98,32,162,191,123,100,0,9,117,110,100,101,102,105,110,101,100,97,0,97,0,97,0,97,0,97,0,97,0>>},30000]}}}
2018-10-18 14:02:01 =ERROR REPORT====
{module,"leo_object_storage_haystack"},{function,"put_fun_3/5"},{line,839},{body,{timeout,{gen_server,call,[leo_metadata_1,{put,<<"xz-img-01/15,0,3,3284,90,90,6a1a38c8.jpg">>,<<131,104,22,100,0,10,109,101,116,97,100,97,116,97,95,51,109,0,0,0,40,120,122,45,105,109,103,45,48,49,47,49,53,44,48,44,51,44,51,50,56,52,44,57,48,44,57,48,44,54,97,49,97,51,56,99,56,46,106,112,103,110,16,0,211,96,61,171,220,107,231,81,189,43,162,95,206,81,93,127,97,40,98,0,0,14,43,109,0,0,0,0,97,0,97,0,97,0,97,0,110,5,0,143,205,57,171,13,110,7,0,206,123,126,27,51,117,5,110,5,0,192,154,5,213,14,110,16,0,173,82,10,232,89,109,18,141,29,252,169,190,41,207,141,69,98,32,162,191,123,100,0,9,117,110,100,101,102,105,110,101,100,97,0,97,0,97,0,97,0,97,0,97,0>>},30000]}}}
2018-10-18 14:10:30 =ERROR REPORT====
{module,"leo_object_storage_haystack"},{function,"put_fun_3/5"},{line,839},{body,{timeout,{gen_server,call,[leo_metadata_40000,{put,<<"xz-img-01/14,0,5,28978,1,1,cea9ac97.jpg">>,<<131,104,22,100,0,10,109,101,116,97,100,97,116,97,95,51,109,0,0,0,39,120,122,45,105,109,103,45,48,49,47,49,52,44,48,44,53,44,50,56,57,55,56,44,49,44,49,44,99,101,97,57,97,99,57,55,46,106,112,103,110,16,0,111,119,61,212,206,201,84,84,195,19,223,100,206,12,117,70,97,39,98,0,0,1,26,109,0,0,0,0,97,0,97,0,97,0,97,0,110,5,0,182,199,137,151,13,110,7,0,141,17,97,144,52,117,5,110,5,0,48,179,5,213,14,110,16,0,205,145,167,168,219,250,79,252,238,65,21,148,104,209,62,36,98,32,162,191,123,100,0,9,117,110,100,101,102,105,110,101,100,97,0,97,0,97,0,97,0,97,0,97,0>>},30000]}}}
